1626105299035	geckodriver	INFO	Listening on 127.0.0.1:40721
1626105300032	mozrunner::runner	INFO	Running command: "/usr/bin/firefox" "--marionette" "--headless" "-foreground" "-no-remote" "-profile" "/tmp/rust_mozprofileYWlQ3n"
1626105300033	geckodriver::marionette	DEBUG	Waiting 60s to connect to browser on 127.0.0.1:33445
*** You are running in headless mode.
[GFX1-]: glxtest: libEGL missing
[GFX1-]: glxtest: Unable to open a connection to the X server
[GFX1-]: glxtest: libEGL missing
1626105300747	Marionette	INFO	Marionette enabled
1626105300845	Marionette	TRACE	Received observer notification toplevel-window-ready
console.warn: SearchSettings: "get: No settings file exists, new profile?" (new NotFoundError("Could not open the file at /tmp/rust_mozprofileYWlQ3n/search.json.mozlz4", (void 0)))
1626105302196	Marionette	TRACE	Received observer notification marionette-startup-requested
1626105302196	Marionette	TRACE	Waiting until startup recorder finished recording startup scripts...
1626105302220	Marionette	TRACE	All scripts recorded.
1626105302220	Marionette	DEBUG	Setting recommended pref apz.content_response_timeout to 60000
1626105302220	Marionette	DEBUG	Setting recommended pref browser.contentblocking.introCount to 99
1626105302221	Marionette	DEBUG	Setting recommended pref browser.download.panel.shown to true
1626105302221	Marionette	DEBUG	Setting recommended pref browser.newtabpage.enabled to false
1626105302223	Marionette	DEBUG	Setting recommended pref browser.pagethumbnails.capturing_disabled to true
1626105302223	Marionette	DEBUG	Setting recommended pref browser.search.update to false
1626105302223	Marionette	DEBUG	Setting recommended pref browser.tabs.disableBackgroundZombification to false
1626105302223	Marionette	DEBUG	Setting recommended pref browser.tabs.remote.separatePrivilegedContentProcess to false
1626105302223	Marionette	DEBUG	Setting recommended pref browser.tabs.unloadOnLowMemory to false
1626105302224	Marionette	DEBUG	Setting recommended pref browser.tabs.warnOnCloseOtherTabs to false
1626105302224	Marionette	DEBUG	Setting recommended pref browser.tabs.warnOnOpen to false
1626105302224	Marionette	DEBUG	Setting recommended pref browser.toolbars.bookmarks.visibility to never
1626105302224	Marionette	DEBUG	Setting recommended pref browser.usedOnWindows10.introURL to 
1626105302224	Marionette	DEBUG	Setting recommended pref browser.urlbar.suggest.searches to false
1626105302225	Marionette	DEBUG	Setting recommended pref datareporting.policy.dataSubmissionPolicyAccepted to false
1626105302225	Marionette	DEBUG	Setting recommended pref dom.disable_beforeunload to true
1626105302225	Marionette	DEBUG	Setting recommended pref dom.disable_open_during_load to false
1626105302225	Marionette	DEBUG	Setting recommended pref dom.file.createInChild to true
1626105302225	Marionette	DEBUG	Setting recommended pref dom.max_chrome_script_run_time to 0
1626105302225	Marionette	DEBUG	Setting recommended pref dom.max_script_run_time to 0
1626105302227	Marionette	DEBUG	Setting recommended pref dom.push.connection.enabled to false
1626105302227	Marionette	DEBUG	Setting recommended pref extensions.getAddons.cache.enabled to false
1626105302227	Marionette	DEBUG	Setting recommended pref extensions.getAddons.discovery.api_url to data:, 
1626105302227	Marionette	DEBUG	Setting recommended pref network.http.prompt-temp-redirect to false
1626105302227	Marionette	DEBUG	Setting recommended pref privacy.trackingprotection.enabled to false
1626105302227	Marionette	DEBUG	Setting recommended pref prompts.contentPromptSubDialog to false
1626105302228	Marionette	DEBUG	Setting recommended pref security.fileuri.strict_origin_policy to false
1626105302228	Marionette	DEBUG	Setting recommended pref security.notification_enable_delay to 0
1626105302228	Marionette	DEBUG	Setting recommended pref signon.autofillForms to false
1626105302229	Marionette	DEBUG	Setting recommended pref signon.rememberSignons to false
1626105302234	Marionette	INFO	Listening on port 33445
1626105302235	Marionette	DEBUG	Marionette is listening
1626105302255	Marionette	DEBUG	Accepted connection 0 from 127.0.0.1:35944
1626105302259	geckodriver::marionette	DEBUG	Connection to Marionette established on 127.0.0.1:33445.
1626105302270	Marionette	DEBUG	0 -> [0,1,"WebDriver:NewSession",{"acceptInsecureCerts":true,"browserName":"firefox"}]
1626105302273	Marionette	WARN	TLS certificate errors will be ignored for this session
1626105302289	Marionette	DEBUG	0 <- [1,1,null,{"sessionId":"f18fee7b-2035-4e7d-a17b-5d87e21f9553","capabilities":{"browserName":"firefox","browserVersion":"89.0. ... /rust_mozprofileYWlQ3n","moz:shutdownTimeout":60000,"moz:useNonSpecCompliantPointerOrigin":false,"moz:webdriverClick":true}}]
1626105302296	webdriver::server	DEBUG	<- 200 OK {"value":{"sessionId":"f18fee7b-2035-4e7d-a17b-5d87e21f9553","capabilities":{"acceptInsecureCerts":true,"browserName":"firefox","browserVersion":"89.0.1","moz:accessibilityChecks":false,"moz:buildID":"20210614221319","moz:geckodriverVersion":"0.29.1","moz:headless":true,"moz:processID":1919,"moz:profile":"/tmp/rust_mozprofileYWlQ3n","moz:shutdownTimeout":60000,"moz:useNonSpecCompliantPointerOrigin":false,"moz:webdriverClick":true,"pageLoadStrategy":"normal","platformName":"linux","platformVersion":"5.8.0-1036-azure","setWindowRect":true,"strictFileInteractability":false,"timeouts":{"implicit":0,"pageLoad":300000,"script":30000},"unhandledPromptBehavior":"dismiss and notify"}}}
1626105302299	webdriver::server	DEBUG	-> POST /session/f18fee7b-2035-4e7d-a17b-5d87e21f9553/timeouts {"pageLoad": 60000}
1626105302303	Marionette	DEBUG	0 -> [0,2,"WebDriver:SetTimeouts",{"pageLoad":60000}]
1626105302303	Marionette	DEBUG	0 <- [1,2,null,{"value":null}]
1626105302304	webdriver::server	DEBUG	<- 200 OK {"value":null}
1626105302304	webdriver::server	DEBUG	-> POST /session/f18fee7b-2035-4e7d-a17b-5d87e21f9553/url {"url": "https://www.ine.cl/estadisticas/sociales/economia-regional/repositorio-de-estadisticas-regionales"}
1626105302306	Marionette	DEBUG	0 -> [0,3,"WebDriver:Navigate",{"url":"https://www.ine.cl/estadisticas/sociales/economia-regional/repositorio-de-estadisticas-regionales"}]
1626105302312	Marionette	TRACE	[17] MarionetteEvents actor created for window id 2147483649
1626105302314	Marionette	TRACE	Received event beforeunload for about:blank
1626105303553	Marionette	TRACE	Received event pagehide for about:blank
1626105305449	Marionette	TRACE	[17] MarionetteEvents actor created for window id 2147483650
1626105305449	Marionette	TRACE	Received event DOMContentLoaded for https://www.ine.cl/estadisticas/sociales/economia-regional/repositorio-de-estadisticas-regionales
1626105306584	Marionette	TRACE	Received event pageshow for https://www.ine.cl/estadisticas/sociales/economia-regional/repositorio-de-estadisticas-regionales
1626105306585	Marionette	DEBUG	0 <- [1,3,null,{"value":null}]
1626105306587	webdriver::server	DEBUG	<- 200 OK {"value":null}
1626105306588	webdriver::server	DEBUG	-> POST /session/f18fee7b-2035-4e7d-a17b-5d87e21f9553/element {"using": "xpath", "value": "/html/body/form/div[8]/div[3]/div[1]/div/div/div/div[1]"}
1626105306589	Marionette	DEBUG	0 -> [0,4,"WebDriver:FindElement",{"using":"xpath","value":"/html/body/form/div[8]/div[3]/div[1]/div/div/div/div[1]"}]
1626105306592	Marionette	TRACE	[17] MarionetteCommands actor created for window id 2147483650
1626105306607	Marionette	DEBUG	0 <- [1,4,null,{"value":{"element-6066-11e4-a52e-4f735466cecf":"f9116798-3c12-4138-a15d-64bf382def4e"}}]
1626105306607	webdriver::server	DEBUG	<- 200 OK {"value":{"element-6066-11e4-a52e-4f735466cecf":"f9116798-3c12-4138-a15d-64bf382def4e"}}
1626105306609	webdriver::server	DEBUG	-> POST /session/f18fee7b-2035-4e7d-a17b-5d87e21f9553/element/f9116798-3c12-4138-a15d-64bf382def4e/click {"id": "f9116798-3c12-4138-a15d-64bf382def4e"}
1626105306619	Marionette	DEBUG	0 -> [0,5,"WebDriver:ElementClick",{"id":"f9116798-3c12-4138-a15d-64bf382def4e"}]
1626105306661	Marionette	TRACE	Received DOM event click for [object HTMLDivElement]
1626105306886	Marionette	TRACE	Canceled page load listener because no navigation has been detected
1626105306886	Marionette	DEBUG	0 <- [1,5,null,{"value":null}]
1626105306887	webdriver::server	DEBUG	<- 200 OK {"value":null}
1626105308891	webdriver::server	DEBUG	-> POST /session/f18fee7b-2035-4e7d-a17b-5d87e21f9553/element {"using": "xpath", "value": "/html/body/form/div[8]/div[3]/div[2]/div/div/div/div[4]/div/div/div"}
1626105308892	Marionette	DEBUG	0 -> [0,6,"WebDriver:FindElement",{"using":"xpath","value":"/html/body/form/div[8]/div[3]/div[2]/div/div/div/div[4]/div/div/div"}]
1626105308895	Marionette	DEBUG	0 <- [1,6,null,{"value":{"element-6066-11e4-a52e-4f735466cecf":"3d0c1780-c074-420f-8bdb-7999e7c950ac"}}]
1626105308895	webdriver::server	DEBUG	<- 200 OK {"value":{"element-6066-11e4-a52e-4f735466cecf":"3d0c1780-c074-420f-8bdb-7999e7c950ac"}}
1626105308896	webdriver::server	DEBUG	-> POST /session/f18fee7b-2035-4e7d-a17b-5d87e21f9553/element/3d0c1780-c074-420f-8bdb-7999e7c950ac/click {"id": "3d0c1780-c074-420f-8bdb-7999e7c950ac"}
1626105308897	Marionette	DEBUG	0 -> [0,7,"WebDriver:ElementClick",{"id":"3d0c1780-c074-420f-8bdb-7999e7c950ac"}]
1626105309319	Marionette	TRACE	Received DOM event click for [object HTMLDivElement]
1626105309528	Marionette	TRACE	Canceled page load listener because no navigation has been detected
1626105309529	Marionette	DEBUG	0 <- [1,7,null,{"value":null}]
1626105309530	webdriver::server	DEBUG	<- 200 OK {"value":null}
1626105311534	webdriver::server	DEBUG	-> POST /session/f18fee7b-2035-4e7d-a17b-5d87e21f9553/element {"using": "xpath", "value": "/html/body/form/div[8]/div[3]/div[3]/div/div/div/div/div[2]/a[1]"}
1626105311535	Marionette	DEBUG	0 -> [0,8,"WebDriver:FindElement",{"using":"xpath","value":"/html/body/form/div[8]/div[3]/div[3]/div/div/div/div/div[2]/a[1]"}]
1626105311538	Marionette	DEBUG	0 <- [1,8,null,{"value":{"element-6066-11e4-a52e-4f735466cecf":"fd855e4e-0284-4122-9ab6-c3483642987a"}}]
1626105311538	webdriver::server	DEBUG	<- 200 OK {"value":{"element-6066-11e4-a52e-4f735466cecf":"fd855e4e-0284-4122-9ab6-c3483642987a"}}
1626105311539	webdriver::server	DEBUG	-> POST /session/f18fee7b-2035-4e7d-a17b-5d87e21f9553/execute/sync {"script": "return (function(){return function(){var d=this;function f(a){return\"string\"==typeof a};function h(a,b){this.code=a;this.a=l[a]||m;this.message=b||\"\";a=this.a.replace(/((?:^|\\s+)[a-z])/g,function(a){return a.toUpperCase().replace(/^[\\s\\xa0]+/g,\"\")});b=a.length-5;if(0>b||a.indexOf(\"Error\",b)!=b)a+=\"Error\";this.name=a;a=Error(this.message);a.name=this.name;this.stack=a.stack||\"\"}\n(function(){var a=Error;function b(){}b.prototype=a.prototype;h.b=a.prototype;h.prototype=new b;h.prototype.constructor=h;h.a=function(b,c,g){for(var e=Array(arguments.length-2),k=2;k<arguments.length;k++)e[k-2]=arguments[k];return a.prototype[c].apply(b,e)}})();var m=\"unknown error\",l={15:\"element not selectable\",11:\"element not visible\"};l[31]=m;l[30]=m;l[24]=\"invalid cookie domain\";l[29]=\"invalid element coordinates\";l[12]=\"invalid element state\";l[32]=\"invalid selector\";l[51]=\"invalid selector\";\nl[52]=\"invalid selector\";l[17]=\"javascript error\";l[405]=\"unsupported operation\";l[34]=\"move target out of bounds\";l[27]=\"no such alert\";l[7]=\"no such element\";l[8]=\"no such frame\";l[23]=\"no such window\";l[28]=\"script timeout\";l[33]=\"session not created\";l[10]=\"stale element reference\";l[21]=\"timeout\";l[25]=\"unable to set cookie\";l[26]=\"unexpected alert open\";l[13]=m;l[9]=\"unknown command\";h.prototype.toString=function(){return this.name+\": \"+this.message};var n;a:{var p=d.navigator;if(p){var q=p.userAgent;if(q){n=q;break a}}n=\"\"}function r(a){return-1!=n.indexOf(a)};function t(a,b){for(var e=a.length,c=f(a)?a.split(\"\"):a,g=0;g<e;g++)g in c&&b.call(void 0,c[g],g,a)};function v(){return r(\"iPhone\")&&!r(\"iPod\")&&!r(\"iPad\")};function w(){return(r(\"Chrome\")||r(\"CriOS\"))&&!r(\"Edge\")};var x=r(\"Opera\"),y=r(\"Trident\")||r(\"MSIE\"),z=r(\"Edge\"),A=r(\"Gecko\")&&!(-1!=n.toLowerCase().indexOf(\"webkit\")&&!r(\"Edge\"))&&!(r(\"Trident\")||r(\"MSIE\"))&&!r(\"Edge\"),aa=-1!=n.toLowerCase().indexOf(\"webkit\")&&!r(\"Edge\");function B(){var a=d.document;return a?a.documentMode:void 0}var C;\na:{var D=\"\",E=function(){var a=n;if(A)return/rv\\:([^\\);]+)(\\)|;)/.exec(a);if(z)return/Edge\\/([\\d\\.]+)/.exec(a);if(y)return/\\b(?:MSIE|rv)[: ]([^\\);]+)(\\)|;)/.exec(a);if(aa)return/WebKit\\/(\\S+)/.exec(a);if(x)return/(?:Version)[ \\/]?(\\S+)/.exec(a)}();E&&(D=E?E[1]:\"\");if(y){var F=B();if(null!=F&&F>parseFloat(D)){C=String(F);break a}}C=D}var G;var H=d.document;G=H&&y?B()||(\"CSS1Compat\"==H.compatMode?parseInt(C,10):5):void 0;var ba=r(\"Firefox\"),ca=v()||r(\"iPod\"),da=r(\"iPad\"),I=r(\"Android\")&&!(w()||r(\"Firefox\")||r(\"Opera\")||r(\"Silk\")),ea=w(),J=r(\"Safari\")&&!(w()||r(\"Coast\")||r(\"Opera\")||r(\"Edge\")||r(\"Silk\")||r(\"Android\"))&&!(v()||r(\"iPad\")||r(\"iPod\"));function K(a){return(a=a.exec(n))?a[1]:\"\"}(function(){if(ba)return K(/Firefox\\/([0-9.]+)/);if(y||z||x)return C;if(ea)return v()||r(\"iPad\")||r(\"iPod\")?K(/CriOS\\/([0-9.]+)/):K(/Chrome\\/([0-9.]+)/);if(J&&!(v()||r(\"iPad\")||r(\"iPod\")))return K(/Version\\/([0-9.]+)/);if(ca||da){var a=/Version\\/(\\S+).*Mobile\\/(\\S+)/.exec(n);if(a)return a[1]+\".\"+a[2]}else if(I)return(a=K(/Android\\s+([0-9.]+)/))?a:K(/Version\\/([0-9.]+)/);return\"\"})();var L,M=function(){if(!A)return!1;var a=d.Components;if(!a)return!1;try{if(!a.classes)return!1}catch(g){return!1}var b=a.classes,a=a.interfaces,e=b[\"@mozilla.org/xpcom/version-comparator;1\"].getService(a.nsIVersionComparator),c=b[\"@mozilla.org/xre/app-info;1\"].getService(a.nsIXULAppInfo).version;L=function(a){e.compare(c,\"\"+a)};return!0}(),N=y&&!(8<=Number(G)),fa=y&&!(9<=Number(G));I&&M&&L(2.3);I&&M&&L(4);J&&M&&L(6);var ga={SCRIPT:1,STYLE:1,HEAD:1,IFRAME:1,OBJECT:1},O={IMG:\" \",BR:\"\\n\"};function P(a,b,e){if(!(a.nodeName in ga))if(3==a.nodeType)e?b.push(String(a.nodeValue).replace(/(\\r\\n|\\r|\\n)/g,\"\")):b.push(a.nodeValue);else if(a.nodeName in O)b.push(O[a.nodeName]);else for(a=a.firstChild;a;)P(a,b,e),a=a.nextSibling};function Q(a,b){b=b.toLowerCase();return\"style\"==b?ha(a.style.cssText):N&&\"value\"==b&&R(a,\"INPUT\")?a.value:fa&&!0===a[b]?String(a.getAttribute(b)):(a=a.getAttributeNode(b))&&a.specified?a.value:null}var ia=/[;]+(?=(?:(?:[^\"]*\"){2})*[^\"]*$)(?=(?:(?:[^']*'){2})*[^']*$)(?=(?:[^()]*\\([^()]*\\))*[^()]*$)/;\nfunction ha(a){var b=[];t(a.split(ia),function(a){var c=a.indexOf(\":\");0<c&&(a=[a.slice(0,c),a.slice(c+1)],2==a.length&&b.push(a[0].toLowerCase(),\":\",a[1],\";\"))});b=b.join(\"\");return b=\";\"==b.charAt(b.length-1)?b:b+\";\"}function S(a,b){N&&\"value\"==b&&R(a,\"OPTION\")&&null===Q(a,\"value\")?(b=[],P(a,b,!1),a=b.join(\"\")):a=a[b];return a}function R(a,b){b&&\"string\"!==typeof b&&(b=b.toString());return!!a&&1==a.nodeType&&(!b||a.tagName.toUpperCase()==b)}\nfunction T(a){return R(a,\"OPTION\")?!0:R(a,\"INPUT\")?(a=a.type.toLowerCase(),\"checkbox\"==a||\"radio\"==a):!1};var ja={\"class\":\"className\",readonly:\"readOnly\"},U=\"allowfullscreen allowpaymentrequest allowusermedia async autofocus autoplay checked compact complete controls declare default defaultchecked defaultselected defer disabled ended formnovalidate hidden indeterminate iscontenteditable ismap itemscope loop multiple muted nohref nomodule noresize noshade novalidate nowrap open paused playsinline pubdate readonly required reversed scoped seamless seeking selected truespeed typemustmatch willvalidate\".split(\" \");function V(a,b){var e=null,c=b.toLowerCase();if(\"style\"==c)return(e=a.style)&&!f(e)&&(e=e.cssText),e;if((\"selected\"==c||\"checked\"==c)&&T(a)){if(!T(a))throw new h(15,\"Element is not selectable\");b=\"selected\";e=a.type&&a.type.toLowerCase();if(\"checkbox\"==e||\"radio\"==e)b=\"checked\";return S(a,b)?\"true\":null}var g=R(a,\"A\");if(R(a,\"IMG\")&&\"src\"==c||g&&\"href\"==c)return(e=Q(a,c))&&(e=S(a,c)),e;if(\"spellcheck\"==c){e=Q(a,c);if(null!==e){if(\"false\"==e.toLowerCase())return\"false\";if(\"true\"==e.toLowerCase())return\"true\"}return S(a,\nc)+\"\"}g=ja[b]||b;a:if(f(U))c=f(c)&&1==c.length?U.indexOf(c,0):-1;else{for(var u=0;u<U.length;u++)if(u in U&&U[u]===c){c=u;break a}c=-1}if(0<=c)return(e=null!==Q(a,b)||S(a,g))?\"true\":null;try{var k=S(a,g)}catch(ka){}(c=null==k)||(c=typeof k,c=\"object\"==c&&null!=k||\"function\"==c);c?e=Q(a,b):e=k;return null!=e?e.toString():null}var W=[\"_\"],X=d;W[0]in X||!X.execScript||X.execScript(\"var \"+W[0]);\nfor(var Y;W.length&&(Y=W.shift());){var Z;if(Z=!W.length)Z=void 0!==V;Z?X[Y]=V:X[Y]&&X[Y]!==Object.prototype[Y]?X=X[Y]:X=X[Y]={}};; return this._.apply(null,arguments);}.apply({navigator:typeof window!='undefined'?window.navigator:null,document:typeof window!='undefined'?window.document:null}, arguments);}\n).apply(null, arguments);", "args": [{"ELEMENT": "fd855e4e-0284-4122-9ab6-c3483642987a", "element-6066-11e4-a52e-4f735466cecf": "fd855e4e-0284-4122-9ab6-c3483642987a"}, "href"]}
1626105311541	Marionette	DEBUG	0 -> [0,9,"WebDriver:ExecuteScript",{"args":[{"ELEMENT":"fd855e4e-0284-4122-9ab6-c3483642987a","element-6066-11e4-a52e-4f735466cec ... '?window.navigator:null,document:typeof window!='undefined'?window.document:null}, arguments);}\n).apply(null, arguments);"}]
1626105311546	Marionette	DEBUG	0 <- [1,9,null,{"value":"https://www.ine.cl/docs/default-source/repositorio-de-estad%C3%ADsticas-regionales/cuadros-estadisticos/documentos/estad%C3%ADsticas-regionales.xlsx?sfvrsn=1fe0406a_140"}]
1626105311547	webdriver::server	DEBUG	<- 200 OK {"value":"https://www.ine.cl/docs/default-source/repositorio-de-estad%C3%ADsticas-regionales/cuadros-estadisticos/documentos/estad%C3%ADsticas-regionales.xlsx?sfvrsn=1fe0406a_140"}
1626105311548	webdriver::server	DEBUG	-> POST /session/f18fee7b-2035-4e7d-a17b-5d87e21f9553/element {"using": "xpath", "value": "/html/body/form/div[8]/div[3]/div[3]/div/div/div/div/div[2]/a[2]"}
1626105311548	Marionette	DEBUG	0 -> [0,10,"WebDriver:FindElement",{"using":"xpath","value":"/html/body/form/div[8]/div[3]/div[3]/div/div/div/div/div[2]/a[2]"}]
1626105311551	Marionette	DEBUG	0 <- [1,10,null,{"value":{"element-6066-11e4-a52e-4f735466cecf":"ece604e3-f724-48aa-97ed-fb457a316937"}}]
1626105311551	webdriver::server	DEBUG	<- 200 OK {"value":{"element-6066-11e4-a52e-4f735466cecf":"ece604e3-f724-48aa-97ed-fb457a316937"}}
1626105311552	webdriver::server	DEBUG	-> POST /session/f18fee7b-2035-4e7d-a17b-5d87e21f9553/execute/sync {"script": "return (function(){return function(){var d=this;function f(a){return\"string\"==typeof a};function h(a,b){this.code=a;this.a=l[a]||m;this.message=b||\"\";a=this.a.replace(/((?:^|\\s+)[a-z])/g,function(a){return a.toUpperCase().replace(/^[\\s\\xa0]+/g,\"\")});b=a.length-5;if(0>b||a.indexOf(\"Error\",b)!=b)a+=\"Error\";this.name=a;a=Error(this.message);a.name=this.name;this.stack=a.stack||\"\"}\n(function(){var a=Error;function b(){}b.prototype=a.prototype;h.b=a.prototype;h.prototype=new b;h.prototype.constructor=h;h.a=function(b,c,g){for(var e=Array(arguments.length-2),k=2;k<arguments.length;k++)e[k-2]=arguments[k];return a.prototype[c].apply(b,e)}})();var m=\"unknown error\",l={15:\"element not selectable\",11:\"element not visible\"};l[31]=m;l[30]=m;l[24]=\"invalid cookie domain\";l[29]=\"invalid element coordinates\";l[12]=\"invalid element state\";l[32]=\"invalid selector\";l[51]=\"invalid selector\";\nl[52]=\"invalid selector\";l[17]=\"javascript error\";l[405]=\"unsupported operation\";l[34]=\"move target out of bounds\";l[27]=\"no such alert\";l[7]=\"no such element\";l[8]=\"no such frame\";l[23]=\"no such window\";l[28]=\"script timeout\";l[33]=\"session not created\";l[10]=\"stale element reference\";l[21]=\"timeout\";l[25]=\"unable to set cookie\";l[26]=\"unexpected alert open\";l[13]=m;l[9]=\"unknown command\";h.prototype.toString=function(){return this.name+\": \"+this.message};var n;a:{var p=d.navigator;if(p){var q=p.userAgent;if(q){n=q;break a}}n=\"\"}function r(a){return-1!=n.indexOf(a)};function t(a,b){for(var e=a.length,c=f(a)?a.split(\"\"):a,g=0;g<e;g++)g in c&&b.call(void 0,c[g],g,a)};function v(){return r(\"iPhone\")&&!r(\"iPod\")&&!r(\"iPad\")};function w(){return(r(\"Chrome\")||r(\"CriOS\"))&&!r(\"Edge\")};var x=r(\"Opera\"),y=r(\"Trident\")||r(\"MSIE\"),z=r(\"Edge\"),A=r(\"Gecko\")&&!(-1!=n.toLowerCase().indexOf(\"webkit\")&&!r(\"Edge\"))&&!(r(\"Trident\")||r(\"MSIE\"))&&!r(\"Edge\"),aa=-1!=n.toLowerCase().indexOf(\"webkit\")&&!r(\"Edge\");function B(){var a=d.document;return a?a.documentMode:void 0}var C;\na:{var D=\"\",E=function(){var a=n;if(A)return/rv\\:([^\\);]+)(\\)|;)/.exec(a);if(z)return/Edge\\/([\\d\\.]+)/.exec(a);if(y)return/\\b(?:MSIE|rv)[: ]([^\\);]+)(\\)|;)/.exec(a);if(aa)return/WebKit\\/(\\S+)/.exec(a);if(x)return/(?:Version)[ \\/]?(\\S+)/.exec(a)}();E&&(D=E?E[1]:\"\");if(y){var F=B();if(null!=F&&F>parseFloat(D)){C=String(F);break a}}C=D}var G;var H=d.document;G=H&&y?B()||(\"CSS1Compat\"==H.compatMode?parseInt(C,10):5):void 0;var ba=r(\"Firefox\"),ca=v()||r(\"iPod\"),da=r(\"iPad\"),I=r(\"Android\")&&!(w()||r(\"Firefox\")||r(\"Opera\")||r(\"Silk\")),ea=w(),J=r(\"Safari\")&&!(w()||r(\"Coast\")||r(\"Opera\")||r(\"Edge\")||r(\"Silk\")||r(\"Android\"))&&!(v()||r(\"iPad\")||r(\"iPod\"));function K(a){return(a=a.exec(n))?a[1]:\"\"}(function(){if(ba)return K(/Firefox\\/([0-9.]+)/);if(y||z||x)return C;if(ea)return v()||r(\"iPad\")||r(\"iPod\")?K(/CriOS\\/([0-9.]+)/):K(/Chrome\\/([0-9.]+)/);if(J&&!(v()||r(\"iPad\")||r(\"iPod\")))return K(/Version\\/([0-9.]+)/);if(ca||da){var a=/Version\\/(\\S+).*Mobile\\/(\\S+)/.exec(n);if(a)return a[1]+\".\"+a[2]}else if(I)return(a=K(/Android\\s+([0-9.]+)/))?a:K(/Version\\/([0-9.]+)/);return\"\"})();var L,M=function(){if(!A)return!1;var a=d.Components;if(!a)return!1;try{if(!a.classes)return!1}catch(g){return!1}var b=a.classes,a=a.interfaces,e=b[\"@mozilla.org/xpcom/version-comparator;1\"].getService(a.nsIVersionComparator),c=b[\"@mozilla.org/xre/app-info;1\"].getService(a.nsIXULAppInfo).version;L=function(a){e.compare(c,\"\"+a)};return!0}(),N=y&&!(8<=Number(G)),fa=y&&!(9<=Number(G));I&&M&&L(2.3);I&&M&&L(4);J&&M&&L(6);var ga={SCRIPT:1,STYLE:1,HEAD:1,IFRAME:1,OBJECT:1},O={IMG:\" \",BR:\"\\n\"};function P(a,b,e){if(!(a.nodeName in ga))if(3==a.nodeType)e?b.push(String(a.nodeValue).replace(/(\\r\\n|\\r|\\n)/g,\"\")):b.push(a.nodeValue);else if(a.nodeName in O)b.push(O[a.nodeName]);else for(a=a.firstChild;a;)P(a,b,e),a=a.nextSibling};function Q(a,b){b=b.toLowerCase();return\"style\"==b?ha(a.style.cssText):N&&\"value\"==b&&R(a,\"INPUT\")?a.value:fa&&!0===a[b]?String(a.getAttribute(b)):(a=a.getAttributeNode(b))&&a.specified?a.value:null}var ia=/[;]+(?=(?:(?:[^\"]*\"){2})*[^\"]*$)(?=(?:(?:[^']*'){2})*[^']*$)(?=(?:[^()]*\\([^()]*\\))*[^()]*$)/;\nfunction ha(a){var b=[];t(a.split(ia),function(a){var c=a.indexOf(\":\");0<c&&(a=[a.slice(0,c),a.slice(c+1)],2==a.length&&b.push(a[0].toLowerCase(),\":\",a[1],\";\"))});b=b.join(\"\");return b=\";\"==b.charAt(b.length-1)?b:b+\";\"}function S(a,b){N&&\"value\"==b&&R(a,\"OPTION\")&&null===Q(a,\"value\")?(b=[],P(a,b,!1),a=b.join(\"\")):a=a[b];return a}function R(a,b){b&&\"string\"!==typeof b&&(b=b.toString());return!!a&&1==a.nodeType&&(!b||a.tagName.toUpperCase()==b)}\nfunction T(a){return R(a,\"OPTION\")?!0:R(a,\"INPUT\")?(a=a.type.toLowerCase(),\"checkbox\"==a||\"radio\"==a):!1};var ja={\"class\":\"className\",readonly:\"readOnly\"},U=\"allowfullscreen allowpaymentrequest allowusermedia async autofocus autoplay checked compact complete controls declare default defaultchecked defaultselected defer disabled ended formnovalidate hidden indeterminate iscontenteditable ismap itemscope loop multiple muted nohref nomodule noresize noshade novalidate nowrap open paused playsinline pubdate readonly required reversed scoped seamless seeking selected truespeed typemustmatch willvalidate\".split(\" \");function V(a,b){var e=null,c=b.toLowerCase();if(\"style\"==c)return(e=a.style)&&!f(e)&&(e=e.cssText),e;if((\"selected\"==c||\"checked\"==c)&&T(a)){if(!T(a))throw new h(15,\"Element is not selectable\");b=\"selected\";e=a.type&&a.type.toLowerCase();if(\"checkbox\"==e||\"radio\"==e)b=\"checked\";return S(a,b)?\"true\":null}var g=R(a,\"A\");if(R(a,\"IMG\")&&\"src\"==c||g&&\"href\"==c)return(e=Q(a,c))&&(e=S(a,c)),e;if(\"spellcheck\"==c){e=Q(a,c);if(null!==e){if(\"false\"==e.toLowerCase())return\"false\";if(\"true\"==e.toLowerCase())return\"true\"}return S(a,\nc)+\"\"}g=ja[b]||b;a:if(f(U))c=f(c)&&1==c.length?U.indexOf(c,0):-1;else{for(var u=0;u<U.length;u++)if(u in U&&U[u]===c){c=u;break a}c=-1}if(0<=c)return(e=null!==Q(a,b)||S(a,g))?\"true\":null;try{var k=S(a,g)}catch(ka){}(c=null==k)||(c=typeof k,c=\"object\"==c&&null!=k||\"function\"==c);c?e=Q(a,b):e=k;return null!=e?e.toString():null}var W=[\"_\"],X=d;W[0]in X||!X.execScript||X.execScript(\"var \"+W[0]);\nfor(var Y;W.length&&(Y=W.shift());){var Z;if(Z=!W.length)Z=void 0!==V;Z?X[Y]=V:X[Y]&&X[Y]!==Object.prototype[Y]?X=X[Y]:X=X[Y]={}};; return this._.apply(null,arguments);}.apply({navigator:typeof window!='undefined'?window.navigator:null,document:typeof window!='undefined'?window.document:null}, arguments);}\n).apply(null, arguments);", "args": [{"ELEMENT": "ece604e3-f724-48aa-97ed-fb457a316937", "element-6066-11e4-a52e-4f735466cecf": "ece604e3-f724-48aa-97ed-fb457a316937"}, "href"]}
1626105311553	Marionette	DEBUG	0 -> [0,11,"WebDriver:ExecuteScript",{"args":[{"ELEMENT":"ece604e3-f724-48aa-97ed-fb457a316937","element-6066-11e4-a52e-4f735466ce ... '?window.navigator:null,document:typeof window!='undefined'?window.document:null}, arguments);}\n).apply(null, arguments);"}]
1626105311558	Marionette	DEBUG	0 <- [1,11,null,{"value":"https://www.ine.cl/docs/default-source/repositorio-de-estad%C3%ADsticas-regionales/cuadros-estadisticos/documentos/descriptor-de-campos.xlsx?sfvrsn=6cd7e45d_87"}]
1626105311558	webdriver::server	DEBUG	<- 200 OK {"value":"https://www.ine.cl/docs/default-source/repositorio-de-estad%C3%ADsticas-regionales/cuadros-estadisticos/documentos/descriptor-de-campos.xlsx?sfvrsn=6cd7e45d_87"}
1626105449748	Marionette	DEBUG	Closed connection 0
1626107716000	geckodriver	INFO	Listening on 127.0.0.1:36801
1626107716801	mozrunner::runner	INFO	Running command: "/usr/bin/firefox" "--marionette" "--headless" "-foreground" "-no-remote" "-profile" "/tmp/rust_mozprofileUgOX1H"
1626107716802	geckodriver::marionette	DEBUG	Waiting 60s to connect to browser on 127.0.0.1:39167
*** You are running in headless mode.
[GFX1-]: glxtest: libEGL missing
[GFX1-]: glxtest: Unable to open a connection to the X server
[GFX1-]: glxtest: libEGL missing
1626107722188	Marionette	INFO	Marionette enabled
1626107723150	Marionette	TRACE	Received observer notification toplevel-window-ready
console.warn: SearchSettings: "get: No settings file exists, new profile?" (new NotFoundError("Could not open the file at /tmp/rust_mozprofileUgOX1H/search.json.mozlz4", (void 0)))
1626107726215	Marionette	TRACE	Received observer notification marionette-startup-requested
1626107726215	Marionette	TRACE	Waiting until startup recorder finished recording startup scripts...
1626107726233	Marionette	TRACE	All scripts recorded.
1626107726233	Marionette	DEBUG	Setting recommended pref apz.content_response_timeout to 60000
1626107726233	Marionette	DEBUG	Setting recommended pref browser.contentblocking.introCount to 99
1626107726233	Marionette	DEBUG	Setting recommended pref browser.download.panel.shown to true
1626107726233	Marionette	DEBUG	Setting recommended pref browser.newtabpage.enabled to false
1626107726235	Marionette	DEBUG	Setting recommended pref browser.pagethumbnails.capturing_disabled to true
1626107726235	Marionette	DEBUG	Setting recommended pref browser.search.update to false
1626107726235	Marionette	DEBUG	Setting recommended pref browser.tabs.disableBackgroundZombification to false
1626107726235	Marionette	DEBUG	Setting recommended pref browser.tabs.remote.separatePrivilegedContentProcess to false
1626107726235	Marionette	DEBUG	Setting recommended pref browser.tabs.unloadOnLowMemory to false
1626107726235	Marionette	DEBUG	Setting recommended pref browser.tabs.warnOnCloseOtherTabs to false
1626107726235	Marionette	DEBUG	Setting recommended pref browser.tabs.warnOnOpen to false
1626107726235	Marionette	DEBUG	Setting recommended pref browser.toolbars.bookmarks.visibility to never
1626107726235	Marionette	DEBUG	Setting recommended pref browser.usedOnWindows10.introURL to 
1626107726235	Marionette	DEBUG	Setting recommended pref browser.urlbar.suggest.searches to false
1626107726236	Marionette	DEBUG	Setting recommended pref datareporting.policy.dataSubmissionPolicyAccepted to false
1626107726237	Marionette	DEBUG	Setting recommended pref dom.disable_beforeunload to true
1626107726237	Marionette	DEBUG	Setting recommended pref dom.disable_open_during_load to false
1626107726237	Marionette	DEBUG	Setting recommended pref dom.file.createInChild to true
1626107726237	Marionette	DEBUG	Setting recommended pref dom.max_chrome_script_run_time to 0
1626107726237	Marionette	DEBUG	Setting recommended pref dom.max_script_run_time to 0
1626107726238	Marionette	DEBUG	Setting recommended pref dom.push.connection.enabled to false
1626107726238	Marionette	DEBUG	Setting recommended pref extensions.getAddons.cache.enabled to false
1626107726238	Marionette	DEBUG	Setting recommended pref extensions.getAddons.discovery.api_url to data:, 
1626107726238	Marionette	DEBUG	Setting recommended pref network.http.prompt-temp-redirect to false
1626107726238	Marionette	DEBUG	Setting recommended pref privacy.trackingprotection.enabled to false
1626107726238	Marionette	DEBUG	Setting recommended pref prompts.contentPromptSubDialog to false
1626107726238	Marionette	DEBUG	Setting recommended pref security.fileuri.strict_origin_policy to false
1626107726238	Marionette	DEBUG	Setting recommended pref security.notification_enable_delay to 0
1626107726238	Marionette	DEBUG	Setting recommended pref signon.autofillForms to false
1626107726240	Marionette	DEBUG	Setting recommended pref signon.rememberSignons to false
1626107726246	Marionette	INFO	Listening on port 39167
1626107726247	Marionette	DEBUG	Marionette is listening
1626107726366	Marionette	DEBUG	Accepted connection 0 from 127.0.0.1:46658
1626107726368	geckodriver::marionette	DEBUG	Connection to Marionette established on 127.0.0.1:39167.
1626107726382	Marionette	DEBUG	0 -> [0,1,"WebDriver:NewSession",{"acceptInsecureCerts":true,"browserName":"firefox"}]
1626107726385	Marionette	WARN	TLS certificate errors will be ignored for this session
1626107726394	Marionette	DEBUG	0 <- [1,1,null,{"sessionId":"57ef3124-98aa-4678-9616-c058c8662cd6","capabilities":{"browserName":"firefox","browserVersion":"89.0. ... /rust_mozprofileUgOX1H","moz:shutdownTimeout":60000,"moz:useNonSpecCompliantPointerOrigin":false,"moz:webdriverClick":true}}]
1626107726399	webdriver::server	DEBUG	<- 200 OK {"value":{"sessionId":"57ef3124-98aa-4678-9616-c058c8662cd6","capabilities":{"acceptInsecureCerts":true,"browserName":"firefox","browserVersion":"89.0.1","moz:accessibilityChecks":false,"moz:buildID":"20210614221319","moz:geckodriverVersion":"0.29.1","moz:headless":true,"moz:processID":1940,"moz:profile":"/tmp/rust_mozprofileUgOX1H","moz:shutdownTimeout":60000,"moz:useNonSpecCompliantPointerOrigin":false,"moz:webdriverClick":true,"pageLoadStrategy":"normal","platformName":"linux","platformVersion":"5.8.0-1036-azure","setWindowRect":true,"strictFileInteractability":false,"timeouts":{"implicit":0,"pageLoad":300000,"script":30000},"unhandledPromptBehavior":"dismiss and notify"}}}
1626107726401	webdriver::server	DEBUG	-> POST /session/57ef3124-98aa-4678-9616-c058c8662cd6/timeouts {"pageLoad": 60000}
1626107726402	Marionette	DEBUG	0 -> [0,2,"WebDriver:SetTimeouts",{"pageLoad":60000}]
1626107726403	Marionette	DEBUG	0 <- [1,2,null,{"value":null}]
1626107726403	webdriver::server	DEBUG	<- 200 OK {"value":null}
1626107726404	webdriver::server	DEBUG	-> POST /session/57ef3124-98aa-4678-9616-c058c8662cd6/url {"url": "https://www.ine.cl/estadisticas/sociales/economia-regional/repositorio-de-estadisticas-regionales"}
1626107726405	Marionette	DEBUG	0 -> [0,3,"WebDriver:Navigate",{"url":"https://www.ine.cl/estadisticas/sociales/economia-regional/repositorio-de-estadisticas-regionales"}]
1626107726409	Marionette	TRACE	[21] MarionetteEvents actor created for window id 4294967297
1626107726411	Marionette	TRACE	Received event beforeunload for about:blank
1626107727601	Marionette	TRACE	Received event pagehide for about:blank
1626107730410	Marionette	TRACE	[21] MarionetteEvents actor created for window id 4294967298
1626107730410	Marionette	TRACE	Received event DOMContentLoaded for https://www.ine.cl/estadisticas/sociales/economia-regional/repositorio-de-estadisticas-regionales
1626107730723	Marionette	TRACE	Received event pageshow for https://www.ine.cl/estadisticas/sociales/economia-regional/repositorio-de-estadisticas-regionales
1626107730723	Marionette	DEBUG	0 <- [1,3,null,{"value":null}]
1626107730726	webdriver::server	DEBUG	<- 200 OK {"value":null}
1626107730727	webdriver::server	DEBUG	-> POST /session/57ef3124-98aa-4678-9616-c058c8662cd6/element {"using": "xpath", "value": "/html/body/form/div[8]/div[3]/div[1]/div/div/div/div[1]"}
1626107730728	Marionette	DEBUG	0 -> [0,4,"WebDriver:FindElement",{"using":"xpath","value":"/html/body/form/div[8]/div[3]/div[1]/div/div/div/div[1]"}]
1626107730731	Marionette	TRACE	[21] MarionetteCommands actor created for window id 4294967298
1626107730744	Marionette	DEBUG	0 <- [1,4,null,{"value":{"element-6066-11e4-a52e-4f735466cecf":"da05b42e-0888-48f4-b34d-2d7db40ff09a"}}]
1626107730744	webdriver::server	DEBUG	<- 200 OK {"value":{"element-6066-11e4-a52e-4f735466cecf":"da05b42e-0888-48f4-b34d-2d7db40ff09a"}}
1626107730745	webdriver::server	DEBUG	-> POST /session/57ef3124-98aa-4678-9616-c058c8662cd6/element/da05b42e-0888-48f4-b34d-2d7db40ff09a/click {"id": "da05b42e-0888-48f4-b34d-2d7db40ff09a"}
1626107730746	Marionette	DEBUG	0 -> [0,5,"WebDriver:ElementClick",{"id":"da05b42e-0888-48f4-b34d-2d7db40ff09a"}]
1626107730789	Marionette	TRACE	Received DOM event click for [object HTMLDivElement]
1626107731004	Marionette	TRACE	Canceled page load listener because no navigation has been detected
1626107731005	Marionette	DEBUG	0 <- [1,5,null,{"value":null}]
1626107731005	webdriver::server	DEBUG	<- 200 OK {"value":null}
1626107733009	webdriver::server	DEBUG	-> POST /session/57ef3124-98aa-4678-9616-c058c8662cd6/element {"using": "xpath", "value": "/html/body/form/div[8]/div[3]/div[2]/div/div/div/div[4]/div/div/div"}
1626107733009	Marionette	DEBUG	0 -> [0,6,"WebDriver:FindElement",{"using":"xpath","value":"/html/body/form/div[8]/div[3]/div[2]/div/div/div/div[4]/div/div/div"}]
1626107733011	Marionette	DEBUG	0 <- [1,6,null,{"value":{"element-6066-11e4-a52e-4f735466cecf":"5f1b97ed-4a2f-4677-8a47-f2642ec61599"}}]
1626107733011	webdriver::server	DEBUG	<- 200 OK {"value":{"element-6066-11e4-a52e-4f735466cecf":"5f1b97ed-4a2f-4677-8a47-f2642ec61599"}}
1626107733012	webdriver::server	DEBUG	-> POST /session/57ef3124-98aa-4678-9616-c058c8662cd6/element/5f1b97ed-4a2f-4677-8a47-f2642ec61599/click {"id": "5f1b97ed-4a2f-4677-8a47-f2642ec61599"}
1626107733013	Marionette	DEBUG	0 -> [0,7,"WebDriver:ElementClick",{"id":"5f1b97ed-4a2f-4677-8a47-f2642ec61599"}]
1626107733331	Marionette	TRACE	Received DOM event click for [object HTMLDivElement]
1626107733539	Marionette	TRACE	Canceled page load listener because no navigation has been detected
1626107733539	Marionette	DEBUG	0 <- [1,7,null,{"value":null}]
1626107733540	webdriver::server	DEBUG	<- 200 OK {"value":null}
1626107735543	webdriver::server	DEBUG	-> POST /session/57ef3124-98aa-4678-9616-c058c8662cd6/element {"using": "xpath", "value": "/html/body/form/div[8]/div[3]/div[3]/div/div/div/div/div[2]/a[1]"}
1626107735544	Marionette	DEBUG	0 -> [0,8,"WebDriver:FindElement",{"using":"xpath","value":"/html/body/form/div[8]/div[3]/div[3]/div/div/div/div/div[2]/a[1]"}]
1626107735547	Marionette	DEBUG	0 <- [1,8,null,{"value":{"element-6066-11e4-a52e-4f735466cecf":"1299f222-cb50-437f-96fe-0c4730bb6748"}}]
1626107735547	webdriver::server	DEBUG	<- 200 OK {"value":{"element-6066-11e4-a52e-4f735466cecf":"1299f222-cb50-437f-96fe-0c4730bb6748"}}
1626107735548	webdriver::server	DEBUG	-> POST /session/57ef3124-98aa-4678-9616-c058c8662cd6/execute/sync {"script": "return (function(){return function(){var d=this;function f(a){return\"string\"==typeof a};function h(a,b){this.code=a;this.a=l[a]||m;this.message=b||\"\";a=this.a.replace(/((?:^|\\s+)[a-z])/g,function(a){return a.toUpperCase().replace(/^[\\s\\xa0]+/g,\"\")});b=a.length-5;if(0>b||a.indexOf(\"Error\",b)!=b)a+=\"Error\";this.name=a;a=Error(this.message);a.name=this.name;this.stack=a.stack||\"\"}\n(function(){var a=Error;function b(){}b.prototype=a.prototype;h.b=a.prototype;h.prototype=new b;h.prototype.constructor=h;h.a=function(b,c,g){for(var e=Array(arguments.length-2),k=2;k<arguments.length;k++)e[k-2]=arguments[k];return a.prototype[c].apply(b,e)}})();var m=\"unknown error\",l={15:\"element not selectable\",11:\"element not visible\"};l[31]=m;l[30]=m;l[24]=\"invalid cookie domain\";l[29]=\"invalid element coordinates\";l[12]=\"invalid element state\";l[32]=\"invalid selector\";l[51]=\"invalid selector\";\nl[52]=\"invalid selector\";l[17]=\"javascript error\";l[405]=\"unsupported operation\";l[34]=\"move target out of bounds\";l[27]=\"no such alert\";l[7]=\"no such element\";l[8]=\"no such frame\";l[23]=\"no such window\";l[28]=\"script timeout\";l[33]=\"session not created\";l[10]=\"stale element reference\";l[21]=\"timeout\";l[25]=\"unable to set cookie\";l[26]=\"unexpected alert open\";l[13]=m;l[9]=\"unknown command\";h.prototype.toString=function(){return this.name+\": \"+this.message};var n;a:{var p=d.navigator;if(p){var q=p.userAgent;if(q){n=q;break a}}n=\"\"}function r(a){return-1!=n.indexOf(a)};function t(a,b){for(var e=a.length,c=f(a)?a.split(\"\"):a,g=0;g<e;g++)g in c&&b.call(void 0,c[g],g,a)};function v(){return r(\"iPhone\")&&!r(\"iPod\")&&!r(\"iPad\")};function w(){return(r(\"Chrome\")||r(\"CriOS\"))&&!r(\"Edge\")};var x=r(\"Opera\"),y=r(\"Trident\")||r(\"MSIE\"),z=r(\"Edge\"),A=r(\"Gecko\")&&!(-1!=n.toLowerCase().indexOf(\"webkit\")&&!r(\"Edge\"))&&!(r(\"Trident\")||r(\"MSIE\"))&&!r(\"Edge\"),aa=-1!=n.toLowerCase().indexOf(\"webkit\")&&!r(\"Edge\");function B(){var a=d.document;return a?a.documentMode:void 0}var C;\na:{var D=\"\",E=function(){var a=n;if(A)return/rv\\:([^\\);]+)(\\)|;)/.exec(a);if(z)return/Edge\\/([\\d\\.]+)/.exec(a);if(y)return/\\b(?:MSIE|rv)[: ]([^\\);]+)(\\)|;)/.exec(a);if(aa)return/WebKit\\/(\\S+)/.exec(a);if(x)return/(?:Version)[ \\/]?(\\S+)/.exec(a)}();E&&(D=E?E[1]:\"\");if(y){var F=B();if(null!=F&&F>parseFloat(D)){C=String(F);break a}}C=D}var G;var H=d.document;G=H&&y?B()||(\"CSS1Compat\"==H.compatMode?parseInt(C,10):5):void 0;var ba=r(\"Firefox\"),ca=v()||r(\"iPod\"),da=r(\"iPad\"),I=r(\"Android\")&&!(w()||r(\"Firefox\")||r(\"Opera\")||r(\"Silk\")),ea=w(),J=r(\"Safari\")&&!(w()||r(\"Coast\")||r(\"Opera\")||r(\"Edge\")||r(\"Silk\")||r(\"Android\"))&&!(v()||r(\"iPad\")||r(\"iPod\"));function K(a){return(a=a.exec(n))?a[1]:\"\"}(function(){if(ba)return K(/Firefox\\/([0-9.]+)/);if(y||z||x)return C;if(ea)return v()||r(\"iPad\")||r(\"iPod\")?K(/CriOS\\/([0-9.]+)/):K(/Chrome\\/([0-9.]+)/);if(J&&!(v()||r(\"iPad\")||r(\"iPod\")))return K(/Version\\/([0-9.]+)/);if(ca||da){var a=/Version\\/(\\S+).*Mobile\\/(\\S+)/.exec(n);if(a)return a[1]+\".\"+a[2]}else if(I)return(a=K(/Android\\s+([0-9.]+)/))?a:K(/Version\\/([0-9.]+)/);return\"\"})();var L,M=function(){if(!A)return!1;var a=d.Components;if(!a)return!1;try{if(!a.classes)return!1}catch(g){return!1}var b=a.classes,a=a.interfaces,e=b[\"@mozilla.org/xpcom/version-comparator;1\"].getService(a.nsIVersionComparator),c=b[\"@mozilla.org/xre/app-info;1\"].getService(a.nsIXULAppInfo).version;L=function(a){e.compare(c,\"\"+a)};return!0}(),N=y&&!(8<=Number(G)),fa=y&&!(9<=Number(G));I&&M&&L(2.3);I&&M&&L(4);J&&M&&L(6);var ga={SCRIPT:1,STYLE:1,HEAD:1,IFRAME:1,OBJECT:1},O={IMG:\" \",BR:\"\\n\"};function P(a,b,e){if(!(a.nodeName in ga))if(3==a.nodeType)e?b.push(String(a.nodeValue).replace(/(\\r\\n|\\r|\\n)/g,\"\")):b.push(a.nodeValue);else if(a.nodeName in O)b.push(O[a.nodeName]);else for(a=a.firstChild;a;)P(a,b,e),a=a.nextSibling};function Q(a,b){b=b.toLowerCase();return\"style\"==b?ha(a.style.cssText):N&&\"value\"==b&&R(a,\"INPUT\")?a.value:fa&&!0===a[b]?String(a.getAttribute(b)):(a=a.getAttributeNode(b))&&a.specified?a.value:null}var ia=/[;]+(?=(?:(?:[^\"]*\"){2})*[^\"]*$)(?=(?:(?:[^']*'){2})*[^']*$)(?=(?:[^()]*\\([^()]*\\))*[^()]*$)/;\nfunction ha(a){var b=[];t(a.split(ia),function(a){var c=a.indexOf(\":\");0<c&&(a=[a.slice(0,c),a.slice(c+1)],2==a.length&&b.push(a[0].toLowerCase(),\":\",a[1],\";\"))});b=b.join(\"\");return b=\";\"==b.charAt(b.length-1)?b:b+\";\"}function S(a,b){N&&\"value\"==b&&R(a,\"OPTION\")&&null===Q(a,\"value\")?(b=[],P(a,b,!1),a=b.join(\"\")):a=a[b];return a}function R(a,b){b&&\"string\"!==typeof b&&(b=b.toString());return!!a&&1==a.nodeType&&(!b||a.tagName.toUpperCase()==b)}\nfunction T(a){return R(a,\"OPTION\")?!0:R(a,\"INPUT\")?(a=a.type.toLowerCase(),\"checkbox\"==a||\"radio\"==a):!1};var ja={\"class\":\"className\",readonly:\"readOnly\"},U=\"allowfullscreen allowpaymentrequest allowusermedia async autofocus autoplay checked compact complete controls declare default defaultchecked defaultselected defer disabled ended formnovalidate hidden indeterminate iscontenteditable ismap itemscope loop multiple muted nohref nomodule noresize noshade novalidate nowrap open paused playsinline pubdate readonly required reversed scoped seamless seeking selected truespeed typemustmatch willvalidate\".split(\" \");function V(a,b){var e=null,c=b.toLowerCase();if(\"style\"==c)return(e=a.style)&&!f(e)&&(e=e.cssText),e;if((\"selected\"==c||\"checked\"==c)&&T(a)){if(!T(a))throw new h(15,\"Element is not selectable\");b=\"selected\";e=a.type&&a.type.toLowerCase();if(\"checkbox\"==e||\"radio\"==e)b=\"checked\";return S(a,b)?\"true\":null}var g=R(a,\"A\");if(R(a,\"IMG\")&&\"src\"==c||g&&\"href\"==c)return(e=Q(a,c))&&(e=S(a,c)),e;if(\"spellcheck\"==c){e=Q(a,c);if(null!==e){if(\"false\"==e.toLowerCase())return\"false\";if(\"true\"==e.toLowerCase())return\"true\"}return S(a,\nc)+\"\"}g=ja[b]||b;a:if(f(U))c=f(c)&&1==c.length?U.indexOf(c,0):-1;else{for(var u=0;u<U.length;u++)if(u in U&&U[u]===c){c=u;break a}c=-1}if(0<=c)return(e=null!==Q(a,b)||S(a,g))?\"true\":null;try{var k=S(a,g)}catch(ka){}(c=null==k)||(c=typeof k,c=\"object\"==c&&null!=k||\"function\"==c);c?e=Q(a,b):e=k;return null!=e?e.toString():null}var W=[\"_\"],X=d;W[0]in X||!X.execScript||X.execScript(\"var \"+W[0]);\nfor(var Y;W.length&&(Y=W.shift());){var Z;if(Z=!W.length)Z=void 0!==V;Z?X[Y]=V:X[Y]&&X[Y]!==Object.prototype[Y]?X=X[Y]:X=X[Y]={}};; return this._.apply(null,arguments);}.apply({navigator:typeof window!='undefined'?window.navigator:null,document:typeof window!='undefined'?window.document:null}, arguments);}\n).apply(null, arguments);", "args": [{"ELEMENT": "1299f222-cb50-437f-96fe-0c4730bb6748", "element-6066-11e4-a52e-4f735466cecf": "1299f222-cb50-437f-96fe-0c4730bb6748"}, "href"]}
1626107735549	Marionette	DEBUG	0 -> [0,9,"WebDriver:ExecuteScript",{"args":[{"ELEMENT":"1299f222-cb50-437f-96fe-0c4730bb6748","element-6066-11e4-a52e-4f735466cec ... '?window.navigator:null,document:typeof window!='undefined'?window.document:null}, arguments);}\n).apply(null, arguments);"}]
1626107735554	Marionette	DEBUG	0 <- [1,9,null,{"value":"https://www.ine.cl/docs/default-source/repositorio-de-estad%C3%ADsticas-regionales/cuadros-estadisticos/documentos/estad%C3%ADsticas-regionales.xlsx?sfvrsn=1fe0406a_140"}]
1626107735554	webdriver::server	DEBUG	<- 200 OK {"value":"https://www.ine.cl/docs/default-source/repositorio-de-estad%C3%ADsticas-regionales/cuadros-estadisticos/documentos/estad%C3%ADsticas-regionales.xlsx?sfvrsn=1fe0406a_140"}
1626107735555	webdriver::server	DEBUG	-> POST /session/57ef3124-98aa-4678-9616-c058c8662cd6/element {"using": "xpath", "value": "/html/body/form/div[8]/div[3]/div[3]/div/div/div/div/div[2]/a[2]"}
1626107735555	Marionette	DEBUG	0 -> [0,10,"WebDriver:FindElement",{"using":"xpath","value":"/html/body/form/div[8]/div[3]/div[3]/div/div/div/div/div[2]/a[2]"}]
1626107735557	Marionette	DEBUG	0 <- [1,10,null,{"value":{"element-6066-11e4-a52e-4f735466cecf":"f7a5064e-55a6-4481-910f-ca349fe721bf"}}]
1626107735557	webdriver::server	DEBUG	<- 200 OK {"value":{"element-6066-11e4-a52e-4f735466cecf":"f7a5064e-55a6-4481-910f-ca349fe721bf"}}
1626107735558	webdriver::server	DEBUG	-> POST /session/57ef3124-98aa-4678-9616-c058c8662cd6/execute/sync {"script": "return (function(){return function(){var d=this;function f(a){return\"string\"==typeof a};function h(a,b){this.code=a;this.a=l[a]||m;this.message=b||\"\";a=this.a.replace(/((?:^|\\s+)[a-z])/g,function(a){return a.toUpperCase().replace(/^[\\s\\xa0]+/g,\"\")});b=a.length-5;if(0>b||a.indexOf(\"Error\",b)!=b)a+=\"Error\";this.name=a;a=Error(this.message);a.name=this.name;this.stack=a.stack||\"\"}\n(function(){var a=Error;function b(){}b.prototype=a.prototype;h.b=a.prototype;h.prototype=new b;h.prototype.constructor=h;h.a=function(b,c,g){for(var e=Array(arguments.length-2),k=2;k<arguments.length;k++)e[k-2]=arguments[k];return a.prototype[c].apply(b,e)}})();var m=\"unknown error\",l={15:\"element not selectable\",11:\"element not visible\"};l[31]=m;l[30]=m;l[24]=\"invalid cookie domain\";l[29]=\"invalid element coordinates\";l[12]=\"invalid element state\";l[32]=\"invalid selector\";l[51]=\"invalid selector\";\nl[52]=\"invalid selector\";l[17]=\"javascript error\";l[405]=\"unsupported operation\";l[34]=\"move target out of bounds\";l[27]=\"no such alert\";l[7]=\"no such element\";l[8]=\"no such frame\";l[23]=\"no such window\";l[28]=\"script timeout\";l[33]=\"session not created\";l[10]=\"stale element reference\";l[21]=\"timeout\";l[25]=\"unable to set cookie\";l[26]=\"unexpected alert open\";l[13]=m;l[9]=\"unknown command\";h.prototype.toString=function(){return this.name+\": \"+this.message};var n;a:{var p=d.navigator;if(p){var q=p.userAgent;if(q){n=q;break a}}n=\"\"}function r(a){return-1!=n.indexOf(a)};function t(a,b){for(var e=a.length,c=f(a)?a.split(\"\"):a,g=0;g<e;g++)g in c&&b.call(void 0,c[g],g,a)};function v(){return r(\"iPhone\")&&!r(\"iPod\")&&!r(\"iPad\")};function w(){return(r(\"Chrome\")||r(\"CriOS\"))&&!r(\"Edge\")};var x=r(\"Opera\"),y=r(\"Trident\")||r(\"MSIE\"),z=r(\"Edge\"),A=r(\"Gecko\")&&!(-1!=n.toLowerCase().indexOf(\"webkit\")&&!r(\"Edge\"))&&!(r(\"Trident\")||r(\"MSIE\"))&&!r(\"Edge\"),aa=-1!=n.toLowerCase().indexOf(\"webkit\")&&!r(\"Edge\");function B(){var a=d.document;return a?a.documentMode:void 0}var C;\na:{var D=\"\",E=function(){var a=n;if(A)return/rv\\:([^\\);]+)(\\)|;)/.exec(a);if(z)return/Edge\\/([\\d\\.]+)/.exec(a);if(y)return/\\b(?:MSIE|rv)[: ]([^\\);]+)(\\)|;)/.exec(a);if(aa)return/WebKit\\/(\\S+)/.exec(a);if(x)return/(?:Version)[ \\/]?(\\S+)/.exec(a)}();E&&(D=E?E[1]:\"\");if(y){var F=B();if(null!=F&&F>parseFloat(D)){C=String(F);break a}}C=D}var G;var H=d.document;G=H&&y?B()||(\"CSS1Compat\"==H.compatMode?parseInt(C,10):5):void 0;var ba=r(\"Firefox\"),ca=v()||r(\"iPod\"),da=r(\"iPad\"),I=r(\"Android\")&&!(w()||r(\"Firefox\")||r(\"Opera\")||r(\"Silk\")),ea=w(),J=r(\"Safari\")&&!(w()||r(\"Coast\")||r(\"Opera\")||r(\"Edge\")||r(\"Silk\")||r(\"Android\"))&&!(v()||r(\"iPad\")||r(\"iPod\"));function K(a){return(a=a.exec(n))?a[1]:\"\"}(function(){if(ba)return K(/Firefox\\/([0-9.]+)/);if(y||z||x)return C;if(ea)return v()||r(\"iPad\")||r(\"iPod\")?K(/CriOS\\/([0-9.]+)/):K(/Chrome\\/([0-9.]+)/);if(J&&!(v()||r(\"iPad\")||r(\"iPod\")))return K(/Version\\/([0-9.]+)/);if(ca||da){var a=/Version\\/(\\S+).*Mobile\\/(\\S+)/.exec(n);if(a)return a[1]+\".\"+a[2]}else if(I)return(a=K(/Android\\s+([0-9.]+)/))?a:K(/Version\\/([0-9.]+)/);return\"\"})();var L,M=function(){if(!A)return!1;var a=d.Components;if(!a)return!1;try{if(!a.classes)return!1}catch(g){return!1}var b=a.classes,a=a.interfaces,e=b[\"@mozilla.org/xpcom/version-comparator;1\"].getService(a.nsIVersionComparator),c=b[\"@mozilla.org/xre/app-info;1\"].getService(a.nsIXULAppInfo).version;L=function(a){e.compare(c,\"\"+a)};return!0}(),N=y&&!(8<=Number(G)),fa=y&&!(9<=Number(G));I&&M&&L(2.3);I&&M&&L(4);J&&M&&L(6);var ga={SCRIPT:1,STYLE:1,HEAD:1,IFRAME:1,OBJECT:1},O={IMG:\" \",BR:\"\\n\"};function P(a,b,e){if(!(a.nodeName in ga))if(3==a.nodeType)e?b.push(String(a.nodeValue).replace(/(\\r\\n|\\r|\\n)/g,\"\")):b.push(a.nodeValue);else if(a.nodeName in O)b.push(O[a.nodeName]);else for(a=a.firstChild;a;)P(a,b,e),a=a.nextSibling};function Q(a,b){b=b.toLowerCase();return\"style\"==b?ha(a.style.cssText):N&&\"value\"==b&&R(a,\"INPUT\")?a.value:fa&&!0===a[b]?String(a.getAttribute(b)):(a=a.getAttributeNode(b))&&a.specified?a.value:null}var ia=/[;]+(?=(?:(?:[^\"]*\"){2})*[^\"]*$)(?=(?:(?:[^']*'){2})*[^']*$)(?=(?:[^()]*\\([^()]*\\))*[^()]*$)/;\nfunction ha(a){var b=[];t(a.split(ia),function(a){var c=a.indexOf(\":\");0<c&&(a=[a.slice(0,c),a.slice(c+1)],2==a.length&&b.push(a[0].toLowerCase(),\":\",a[1],\";\"))});b=b.join(\"\");return b=\";\"==b.charAt(b.length-1)?b:b+\";\"}function S(a,b){N&&\"value\"==b&&R(a,\"OPTION\")&&null===Q(a,\"value\")?(b=[],P(a,b,!1),a=b.join(\"\")):a=a[b];return a}function R(a,b){b&&\"string\"!==typeof b&&(b=b.toString());return!!a&&1==a.nodeType&&(!b||a.tagName.toUpperCase()==b)}\nfunction T(a){return R(a,\"OPTION\")?!0:R(a,\"INPUT\")?(a=a.type.toLowerCase(),\"checkbox\"==a||\"radio\"==a):!1};var ja={\"class\":\"className\",readonly:\"readOnly\"},U=\"allowfullscreen allowpaymentrequest allowusermedia async autofocus autoplay checked compact complete controls declare default defaultchecked defaultselected defer disabled ended formnovalidate hidden indeterminate iscontenteditable ismap itemscope loop multiple muted nohref nomodule noresize noshade novalidate nowrap open paused playsinline pubdate readonly required reversed scoped seamless seeking selected truespeed typemustmatch willvalidate\".split(\" \");function V(a,b){var e=null,c=b.toLowerCase();if(\"style\"==c)return(e=a.style)&&!f(e)&&(e=e.cssText),e;if((\"selected\"==c||\"checked\"==c)&&T(a)){if(!T(a))throw new h(15,\"Element is not selectable\");b=\"selected\";e=a.type&&a.type.toLowerCase();if(\"checkbox\"==e||\"radio\"==e)b=\"checked\";return S(a,b)?\"true\":null}var g=R(a,\"A\");if(R(a,\"IMG\")&&\"src\"==c||g&&\"href\"==c)return(e=Q(a,c))&&(e=S(a,c)),e;if(\"spellcheck\"==c){e=Q(a,c);if(null!==e){if(\"false\"==e.toLowerCase())return\"false\";if(\"true\"==e.toLowerCase())return\"true\"}return S(a,\nc)+\"\"}g=ja[b]||b;a:if(f(U))c=f(c)&&1==c.length?U.indexOf(c,0):-1;else{for(var u=0;u<U.length;u++)if(u in U&&U[u]===c){c=u;break a}c=-1}if(0<=c)return(e=null!==Q(a,b)||S(a,g))?\"true\":null;try{var k=S(a,g)}catch(ka){}(c=null==k)||(c=typeof k,c=\"object\"==c&&null!=k||\"function\"==c);c?e=Q(a,b):e=k;return null!=e?e.toString():null}var W=[\"_\"],X=d;W[0]in X||!X.execScript||X.execScript(\"var \"+W[0]);\nfor(var Y;W.length&&(Y=W.shift());){var Z;if(Z=!W.length)Z=void 0!==V;Z?X[Y]=V:X[Y]&&X[Y]!==Object.prototype[Y]?X=X[Y]:X=X[Y]={}};; return this._.apply(null,arguments);}.apply({navigator:typeof window!='undefined'?window.navigator:null,document:typeof window!='undefined'?window.document:null}, arguments);}\n).apply(null, arguments);", "args": [{"ELEMENT": "f7a5064e-55a6-4481-910f-ca349fe721bf", "element-6066-11e4-a52e-4f735466cecf": "f7a5064e-55a6-4481-910f-ca349fe721bf"}, "href"]}
1626107735559	Marionette	DEBUG	0 -> [0,11,"WebDriver:ExecuteScript",{"args":[{"ELEMENT":"f7a5064e-55a6-4481-910f-ca349fe721bf","element-6066-11e4-a52e-4f735466ce ... '?window.navigator:null,document:typeof window!='undefined'?window.document:null}, arguments);}\n).apply(null, arguments);"}]
1626107735562	Marionette	DEBUG	0 <- [1,11,null,{"value":"https://www.ine.cl/docs/default-source/repositorio-de-estad%C3%ADsticas-regionales/cuadros-estadisticos/documentos/descriptor-de-campos.xlsx?sfvrsn=6cd7e45d_87"}]
1626107735562	webdriver::server	DEBUG	<- 200 OK {"value":"https://www.ine.cl/docs/default-source/repositorio-de-estad%C3%ADsticas-regionales/cuadros-estadisticos/documentos/descriptor-de-campos.xlsx?sfvrsn=6cd7e45d_87"}
1626107868071	Marionette	DEBUG	Closed connection 0
1626141584944	geckodriver	INFO	Listening on 127.0.0.1:58063
1626141585833	mozrunner::runner	INFO	Running command: "/usr/bin/firefox" "--marionette" "--headless" "-foreground" "-no-remote" "-profile" "/tmp/rust_mozprofilepbKchr"
1626141585834	geckodriver::marionette	DEBUG	Waiting 60s to connect to browser on 127.0.0.1:42275
*** You are running in headless mode.
[GFX1-]: glxtest: libEGL missing
[GFX1-]: glxtest: Unable to open a connection to the X server
[GFX1-]: glxtest: libEGL missing
1626141589496	Marionette	INFO	Marionette enabled
1626141590120	Marionette	TRACE	Received observer notification toplevel-window-ready
console.warn: SearchSettings: "get: No settings file exists, new profile?" (new NotFoundError("Could not open the file at /tmp/rust_mozprofilepbKchr/search.json.mozlz4", (void 0)))
1626141592442	Marionette	TRACE	Received observer notification marionette-startup-requested
1626141592442	Marionette	TRACE	Waiting until startup recorder finished recording startup scripts...
1626141592470	Marionette	TRACE	All scripts recorded.
1626141592470	Marionette	DEBUG	Setting recommended pref apz.content_response_timeout to 60000
1626141592471	Marionette	DEBUG	Setting recommended pref browser.contentblocking.introCount to 99
1626141592471	Marionette	DEBUG	Setting recommended pref browser.download.panel.shown to true
1626141592473	Marionette	DEBUG	Setting recommended pref browser.newtabpage.enabled to false
1626141592475	Marionette	DEBUG	Setting recommended pref browser.pagethumbnails.capturing_disabled to true
1626141592475	Marionette	DEBUG	Setting recommended pref browser.search.update to false
1626141592476	Marionette	DEBUG	Setting recommended pref browser.tabs.disableBackgroundZombification to false
1626141592476	Marionette	DEBUG	Setting recommended pref browser.tabs.remote.separatePrivilegedContentProcess to false
1626141592476	Marionette	DEBUG	Setting recommended pref browser.tabs.unloadOnLowMemory to false
1626141592476	Marionette	DEBUG	Setting recommended pref browser.tabs.warnOnCloseOtherTabs to false
1626141592477	Marionette	DEBUG	Setting recommended pref browser.tabs.warnOnOpen to false
1626141592477	Marionette	DEBUG	Setting recommended pref browser.toolbars.bookmarks.visibility to never
1626141592477	Marionette	DEBUG	Setting recommended pref browser.usedOnWindows10.introURL to 
1626141592477	Marionette	DEBUG	Setting recommended pref browser.urlbar.suggest.searches to false
1626141592478	Marionette	DEBUG	Setting recommended pref datareporting.policy.dataSubmissionPolicyAccepted to false
1626141592479	Marionette	DEBUG	Setting recommended pref dom.disable_beforeunload to true
1626141592479	Marionette	DEBUG	Setting recommended pref dom.disable_open_during_load to false
1626141592479	Marionette	DEBUG	Setting recommended pref dom.file.createInChild to true
1626141592479	Marionette	DEBUG	Setting recommended pref dom.max_chrome_script_run_time to 0
1626141592479	Marionette	DEBUG	Setting recommended pref dom.max_script_run_time to 0
1626141592480	Marionette	DEBUG	Setting recommended pref dom.push.connection.enabled to false
1626141592480	Marionette	DEBUG	Setting recommended pref extensions.getAddons.cache.enabled to false
1626141592480	Marionette	DEBUG	Setting recommended pref extensions.getAddons.discovery.api_url to data:, 
1626141592480	Marionette	DEBUG	Setting recommended pref network.http.prompt-temp-redirect to false
1626141592481	Marionette	DEBUG	Setting recommended pref privacy.trackingprotection.enabled to false
1626141592481	Marionette	DEBUG	Setting recommended pref prompts.contentPromptSubDialog to false
1626141592481	Marionette	DEBUG	Setting recommended pref security.fileuri.strict_origin_policy to false
1626141592481	Marionette	DEBUG	Setting recommended pref security.notification_enable_delay to 0
1626141592481	Marionette	DEBUG	Setting recommended pref signon.autofillForms to false
1626141592482	Marionette	DEBUG	Setting recommended pref signon.rememberSignons to false
1626141592489	Marionette	INFO	Listening on port 42275
1626141592490	Marionette	DEBUG	Marionette is listening
1626141592580	Marionette	DEBUG	Accepted connection 0 from 127.0.0.1:49052
1626141592584	geckodriver::marionette	DEBUG	Connection to Marionette established on 127.0.0.1:42275.
1626141592596	Marionette	DEBUG	0 -> [0,1,"WebDriver:NewSession",{"acceptInsecureCerts":true,"browserName":"firefox"}]
1626141592599	Marionette	WARN	TLS certificate errors will be ignored for this session
1626141592611	Marionette	DEBUG	0 <- [1,1,null,{"sessionId":"311bdb16-1ba2-4332-aa7b-248b7f3e6a4a","capabilities":{"browserName":"firefox","browserVersion":"89.0. ... /rust_mozprofilepbKchr","moz:shutdownTimeout":60000,"moz:useNonSpecCompliantPointerOrigin":false,"moz:webdriverClick":true}}]
1626141592617	webdriver::server	DEBUG	<- 200 OK {"value":{"sessionId":"311bdb16-1ba2-4332-aa7b-248b7f3e6a4a","capabilities":{"acceptInsecureCerts":true,"browserName":"firefox","browserVersion":"89.0.1","moz:accessibilityChecks":false,"moz:buildID":"20210614221319","moz:geckodriverVersion":"0.29.1","moz:headless":true,"moz:processID":1886,"moz:profile":"/tmp/rust_mozprofilepbKchr","moz:shutdownTimeout":60000,"moz:useNonSpecCompliantPointerOrigin":false,"moz:webdriverClick":true,"pageLoadStrategy":"normal","platformName":"linux","platformVersion":"5.8.0-1036-azure","setWindowRect":true,"strictFileInteractability":false,"timeouts":{"implicit":0,"pageLoad":300000,"script":30000},"unhandledPromptBehavior":"dismiss and notify"}}}
1626141592620	webdriver::server	DEBUG	-> POST /session/311bdb16-1ba2-4332-aa7b-248b7f3e6a4a/timeouts {"pageLoad": 60000}
1626141592628	Marionette	DEBUG	0 -> [0,2,"WebDriver:SetTimeouts",{"pageLoad":60000}]
1626141592628	Marionette	DEBUG	0 <- [1,2,null,{"value":null}]
1626141592630	webdriver::server	DEBUG	<- 200 OK {"value":null}
1626141592631	webdriver::server	DEBUG	-> POST /session/311bdb16-1ba2-4332-aa7b-248b7f3e6a4a/url {"url": "https://www.ine.cl/estadisticas/sociales/economia-regional/repositorio-de-estadisticas-regionales"}
1626141592633	Marionette	DEBUG	0 -> [0,3,"WebDriver:Navigate",{"url":"https://www.ine.cl/estadisticas/sociales/economia-regional/repositorio-de-estadisticas-regionales"}]
1626141592639	Marionette	TRACE	[21] MarionetteEvents actor created for window id 4294967297
1626141592640	Marionette	TRACE	Received event beforeunload for about:blank
1626141593816	Marionette	TRACE	Received event pagehide for about:blank
1626141595261	Marionette	TRACE	[21] MarionetteEvents actor created for window id 4294967298
1626141595261	Marionette	TRACE	Received event DOMContentLoaded for https://www.ine.cl/estadisticas/sociales/economia-regional/repositorio-de-estadisticas-regionales
1626141595548	Marionette	TRACE	Received event pageshow for https://www.ine.cl/estadisticas/sociales/economia-regional/repositorio-de-estadisticas-regionales
1626141595549	Marionette	DEBUG	0 <- [1,3,null,{"value":null}]
1626141595551	webdriver::server	DEBUG	<- 200 OK {"value":null}
1626141595552	webdriver::server	DEBUG	-> POST /session/311bdb16-1ba2-4332-aa7b-248b7f3e6a4a/element {"using": "xpath", "value": "/html/body/form/div[8]/div[3]/div[1]/div/div/div/div[1]"}
1626141595553	Marionette	DEBUG	0 -> [0,4,"WebDriver:FindElement",{"using":"xpath","value":"/html/body/form/div[8]/div[3]/div[1]/div/div/div/div[1]"}]
1626141595556	Marionette	TRACE	[21] MarionetteCommands actor created for window id 4294967298
1626141595571	Marionette	DEBUG	0 <- [1,4,null,{"value":{"element-6066-11e4-a52e-4f735466cecf":"dbf3f290-2332-4caf-816b-e68be656b2fc"}}]
1626141595571	webdriver::server	DEBUG	<- 200 OK {"value":{"element-6066-11e4-a52e-4f735466cecf":"dbf3f290-2332-4caf-816b-e68be656b2fc"}}
1626141595572	webdriver::server	DEBUG	-> POST /session/311bdb16-1ba2-4332-aa7b-248b7f3e6a4a/element/dbf3f290-2332-4caf-816b-e68be656b2fc/click {"id": "dbf3f290-2332-4caf-816b-e68be656b2fc"}
1626141595572	Marionette	DEBUG	0 -> [0,5,"WebDriver:ElementClick",{"id":"dbf3f290-2332-4caf-816b-e68be656b2fc"}]
1626141595603	Marionette	TRACE	Received DOM event click for [object HTMLDivElement]
1626141595822	Marionette	TRACE	Canceled page load listener because no navigation has been detected
1626141595822	Marionette	DEBUG	0 <- [1,5,null,{"value":null}]
1626141595822	webdriver::server	DEBUG	<- 200 OK {"value":null}
1626141597826	webdriver::server	DEBUG	-> POST /session/311bdb16-1ba2-4332-aa7b-248b7f3e6a4a/element {"using": "xpath", "value": "/html/body/form/div[8]/div[3]/div[2]/div/div/div/div[4]/div/div/div"}
1626141597827	Marionette	DEBUG	0 -> [0,6,"WebDriver:FindElement",{"using":"xpath","value":"/html/body/form/div[8]/div[3]/div[2]/div/div/div/div[4]/div/div/div"}]
1626141597830	Marionette	DEBUG	0 <- [1,6,null,{"value":{"element-6066-11e4-a52e-4f735466cecf":"70903660-26b0-4f73-8942-4d59966baa20"}}]
1626141597830	webdriver::server	DEBUG	<- 200 OK {"value":{"element-6066-11e4-a52e-4f735466cecf":"70903660-26b0-4f73-8942-4d59966baa20"}}
1626141597832	webdriver::server	DEBUG	-> POST /session/311bdb16-1ba2-4332-aa7b-248b7f3e6a4a/element/70903660-26b0-4f73-8942-4d59966baa20/click {"id": "70903660-26b0-4f73-8942-4d59966baa20"}
1626141597832	Marionette	DEBUG	0 -> [0,7,"WebDriver:ElementClick",{"id":"70903660-26b0-4f73-8942-4d59966baa20"}]
1626141598158	Marionette	TRACE	Received DOM event click for [object HTMLDivElement]
1626141598367	Marionette	TRACE	Canceled page load listener because no navigation has been detected
1626141598367	Marionette	DEBUG	0 <- [1,7,null,{"value":null}]
1626141598368	webdriver::server	DEBUG	<- 200 OK {"value":null}
1626141600371	webdriver::server	DEBUG	-> POST /session/311bdb16-1ba2-4332-aa7b-248b7f3e6a4a/element {"using": "xpath", "value": "/html/body/form/div[8]/div[3]/div[3]/div/div/div/div/div[2]/a[1]"}
1626141600372	Marionette	DEBUG	0 -> [0,8,"WebDriver:FindElement",{"using":"xpath","value":"/html/body/form/div[8]/div[3]/div[3]/div/div/div/div/div[2]/a[1]"}]
1626141600375	Marionette	DEBUG	0 <- [1,8,null,{"value":{"element-6066-11e4-a52e-4f735466cecf":"3ad5c0f6-8a63-400c-b4fc-92318ba46d75"}}]
1626141600375	webdriver::server	DEBUG	<- 200 OK {"value":{"element-6066-11e4-a52e-4f735466cecf":"3ad5c0f6-8a63-400c-b4fc-92318ba46d75"}}
1626141600376	webdriver::server	DEBUG	-> POST /session/311bdb16-1ba2-4332-aa7b-248b7f3e6a4a/execute/sync {"script": "return (function(){return function(){var d=this;function f(a){return\"string\"==typeof a};function h(a,b){this.code=a;this.a=l[a]||m;this.message=b||\"\";a=this.a.replace(/((?:^|\\s+)[a-z])/g,function(a){return a.toUpperCase().replace(/^[\\s\\xa0]+/g,\"\")});b=a.length-5;if(0>b||a.indexOf(\"Error\",b)!=b)a+=\"Error\";this.name=a;a=Error(this.message);a.name=this.name;this.stack=a.stack||\"\"}\n(function(){var a=Error;function b(){}b.prototype=a.prototype;h.b=a.prototype;h.prototype=new b;h.prototype.constructor=h;h.a=function(b,c,g){for(var e=Array(arguments.length-2),k=2;k<arguments.length;k++)e[k-2]=arguments[k];return a.prototype[c].apply(b,e)}})();var m=\"unknown error\",l={15:\"element not selectable\",11:\"element not visible\"};l[31]=m;l[30]=m;l[24]=\"invalid cookie domain\";l[29]=\"invalid element coordinates\";l[12]=\"invalid element state\";l[32]=\"invalid selector\";l[51]=\"invalid selector\";\nl[52]=\"invalid selector\";l[17]=\"javascript error\";l[405]=\"unsupported operation\";l[34]=\"move target out of bounds\";l[27]=\"no such alert\";l[7]=\"no such element\";l[8]=\"no such frame\";l[23]=\"no such window\";l[28]=\"script timeout\";l[33]=\"session not created\";l[10]=\"stale element reference\";l[21]=\"timeout\";l[25]=\"unable to set cookie\";l[26]=\"unexpected alert open\";l[13]=m;l[9]=\"unknown command\";h.prototype.toString=function(){return this.name+\": \"+this.message};var n;a:{var p=d.navigator;if(p){var q=p.userAgent;if(q){n=q;break a}}n=\"\"}function r(a){return-1!=n.indexOf(a)};function t(a,b){for(var e=a.length,c=f(a)?a.split(\"\"):a,g=0;g<e;g++)g in c&&b.call(void 0,c[g],g,a)};function v(){return r(\"iPhone\")&&!r(\"iPod\")&&!r(\"iPad\")};function w(){return(r(\"Chrome\")||r(\"CriOS\"))&&!r(\"Edge\")};var x=r(\"Opera\"),y=r(\"Trident\")||r(\"MSIE\"),z=r(\"Edge\"),A=r(\"Gecko\")&&!(-1!=n.toLowerCase().indexOf(\"webkit\")&&!r(\"Edge\"))&&!(r(\"Trident\")||r(\"MSIE\"))&&!r(\"Edge\"),aa=-1!=n.toLowerCase().indexOf(\"webkit\")&&!r(\"Edge\");function B(){var a=d.document;return a?a.documentMode:void 0}var C;\na:{var D=\"\",E=function(){var a=n;if(A)return/rv\\:([^\\);]+)(\\)|;)/.exec(a);if(z)return/Edge\\/([\\d\\.]+)/.exec(a);if(y)return/\\b(?:MSIE|rv)[: ]([^\\);]+)(\\)|;)/.exec(a);if(aa)return/WebKit\\/(\\S+)/.exec(a);if(x)return/(?:Version)[ \\/]?(\\S+)/.exec(a)}();E&&(D=E?E[1]:\"\");if(y){var F=B();if(null!=F&&F>parseFloat(D)){C=String(F);break a}}C=D}var G;var H=d.document;G=H&&y?B()||(\"CSS1Compat\"==H.compatMode?parseInt(C,10):5):void 0;var ba=r(\"Firefox\"),ca=v()||r(\"iPod\"),da=r(\"iPad\"),I=r(\"Android\")&&!(w()||r(\"Firefox\")||r(\"Opera\")||r(\"Silk\")),ea=w(),J=r(\"Safari\")&&!(w()||r(\"Coast\")||r(\"Opera\")||r(\"Edge\")||r(\"Silk\")||r(\"Android\"))&&!(v()||r(\"iPad\")||r(\"iPod\"));function K(a){return(a=a.exec(n))?a[1]:\"\"}(function(){if(ba)return K(/Firefox\\/([0-9.]+)/);if(y||z||x)return C;if(ea)return v()||r(\"iPad\")||r(\"iPod\")?K(/CriOS\\/([0-9.]+)/):K(/Chrome\\/([0-9.]+)/);if(J&&!(v()||r(\"iPad\")||r(\"iPod\")))return K(/Version\\/([0-9.]+)/);if(ca||da){var a=/Version\\/(\\S+).*Mobile\\/(\\S+)/.exec(n);if(a)return a[1]+\".\"+a[2]}else if(I)return(a=K(/Android\\s+([0-9.]+)/))?a:K(/Version\\/([0-9.]+)/);return\"\"})();var L,M=function(){if(!A)return!1;var a=d.Components;if(!a)return!1;try{if(!a.classes)return!1}catch(g){return!1}var b=a.classes,a=a.interfaces,e=b[\"@mozilla.org/xpcom/version-comparator;1\"].getService(a.nsIVersionComparator),c=b[\"@mozilla.org/xre/app-info;1\"].getService(a.nsIXULAppInfo).version;L=function(a){e.compare(c,\"\"+a)};return!0}(),N=y&&!(8<=Number(G)),fa=y&&!(9<=Number(G));I&&M&&L(2.3);I&&M&&L(4);J&&M&&L(6);var ga={SCRIPT:1,STYLE:1,HEAD:1,IFRAME:1,OBJECT:1},O={IMG:\" \",BR:\"\\n\"};function P(a,b,e){if(!(a.nodeName in ga))if(3==a.nodeType)e?b.push(String(a.nodeValue).replace(/(\\r\\n|\\r|\\n)/g,\"\")):b.push(a.nodeValue);else if(a.nodeName in O)b.push(O[a.nodeName]);else for(a=a.firstChild;a;)P(a,b,e),a=a.nextSibling};function Q(a,b){b=b.toLowerCase();return\"style\"==b?ha(a.style.cssText):N&&\"value\"==b&&R(a,\"INPUT\")?a.value:fa&&!0===a[b]?String(a.getAttribute(b)):(a=a.getAttributeNode(b))&&a.specified?a.value:null}var ia=/[;]+(?=(?:(?:[^\"]*\"){2})*[^\"]*$)(?=(?:(?:[^']*'){2})*[^']*$)(?=(?:[^()]*\\([^()]*\\))*[^()]*$)/;\nfunction ha(a){var b=[];t(a.split(ia),function(a){var c=a.indexOf(\":\");0<c&&(a=[a.slice(0,c),a.slice(c+1)],2==a.length&&b.push(a[0].toLowerCase(),\":\",a[1],\";\"))});b=b.join(\"\");return b=\";\"==b.charAt(b.length-1)?b:b+\";\"}function S(a,b){N&&\"value\"==b&&R(a,\"OPTION\")&&null===Q(a,\"value\")?(b=[],P(a,b,!1),a=b.join(\"\")):a=a[b];return a}function R(a,b){b&&\"string\"!==typeof b&&(b=b.toString());return!!a&&1==a.nodeType&&(!b||a.tagName.toUpperCase()==b)}\nfunction T(a){return R(a,\"OPTION\")?!0:R(a,\"INPUT\")?(a=a.type.toLowerCase(),\"checkbox\"==a||\"radio\"==a):!1};var ja={\"class\":\"className\",readonly:\"readOnly\"},U=\"allowfullscreen allowpaymentrequest allowusermedia async autofocus autoplay checked compact complete controls declare default defaultchecked defaultselected defer disabled ended formnovalidate hidden indeterminate iscontenteditable ismap itemscope loop multiple muted nohref nomodule noresize noshade novalidate nowrap open paused playsinline pubdate readonly required reversed scoped seamless seeking selected truespeed typemustmatch willvalidate\".split(\" \");function V(a,b){var e=null,c=b.toLowerCase();if(\"style\"==c)return(e=a.style)&&!f(e)&&(e=e.cssText),e;if((\"selected\"==c||\"checked\"==c)&&T(a)){if(!T(a))throw new h(15,\"Element is not selectable\");b=\"selected\";e=a.type&&a.type.toLowerCase();if(\"checkbox\"==e||\"radio\"==e)b=\"checked\";return S(a,b)?\"true\":null}var g=R(a,\"A\");if(R(a,\"IMG\")&&\"src\"==c||g&&\"href\"==c)return(e=Q(a,c))&&(e=S(a,c)),e;if(\"spellcheck\"==c){e=Q(a,c);if(null!==e){if(\"false\"==e.toLowerCase())return\"false\";if(\"true\"==e.toLowerCase())return\"true\"}return S(a,\nc)+\"\"}g=ja[b]||b;a:if(f(U))c=f(c)&&1==c.length?U.indexOf(c,0):-1;else{for(var u=0;u<U.length;u++)if(u in U&&U[u]===c){c=u;break a}c=-1}if(0<=c)return(e=null!==Q(a,b)||S(a,g))?\"true\":null;try{var k=S(a,g)}catch(ka){}(c=null==k)||(c=typeof k,c=\"object\"==c&&null!=k||\"function\"==c);c?e=Q(a,b):e=k;return null!=e?e.toString():null}var W=[\"_\"],X=d;W[0]in X||!X.execScript||X.execScript(\"var \"+W[0]);\nfor(var Y;W.length&&(Y=W.shift());){var Z;if(Z=!W.length)Z=void 0!==V;Z?X[Y]=V:X[Y]&&X[Y]!==Object.prototype[Y]?X=X[Y]:X=X[Y]={}};; return this._.apply(null,arguments);}.apply({navigator:typeof window!='undefined'?window.navigator:null,document:typeof window!='undefined'?window.document:null}, arguments);}\n).apply(null, arguments);", "args": [{"ELEMENT": "3ad5c0f6-8a63-400c-b4fc-92318ba46d75", "element-6066-11e4-a52e-4f735466cecf": "3ad5c0f6-8a63-400c-b4fc-92318ba46d75"}, "href"]}
1626141600377	Marionette	DEBUG	0 -> [0,9,"WebDriver:ExecuteScript",{"args":[{"ELEMENT":"3ad5c0f6-8a63-400c-b4fc-92318ba46d75","element-6066-11e4-a52e-4f735466cec ... '?window.navigator:null,document:typeof window!='undefined'?window.document:null}, arguments);}\n).apply(null, arguments);"}]
1626141600382	Marionette	DEBUG	0 <- [1,9,null,{"value":"https://www.ine.cl/docs/default-source/repositorio-de-estad%C3%ADsticas-regionales/cuadros-estadisticos/documentos/estad%C3%ADsticas-regionales.xlsx?sfvrsn=1fe0406a_140"}]
1626141600382	webdriver::server	DEBUG	<- 200 OK {"value":"https://www.ine.cl/docs/default-source/repositorio-de-estad%C3%ADsticas-regionales/cuadros-estadisticos/documentos/estad%C3%ADsticas-regionales.xlsx?sfvrsn=1fe0406a_140"}
1626141600383	webdriver::server	DEBUG	-> POST /session/311bdb16-1ba2-4332-aa7b-248b7f3e6a4a/element {"using": "xpath", "value": "/html/body/form/div[8]/div[3]/div[3]/div/div/div/div/div[2]/a[2]"}
1626141600383	Marionette	DEBUG	0 -> [0,10,"WebDriver:FindElement",{"using":"xpath","value":"/html/body/form/div[8]/div[3]/div[3]/div/div/div/div/div[2]/a[2]"}]
1626141600385	Marionette	DEBUG	0 <- [1,10,null,{"value":{"element-6066-11e4-a52e-4f735466cecf":"e17d6ded-975c-4464-86b3-a45246f62e68"}}]
1626141600385	webdriver::server	DEBUG	<- 200 OK {"value":{"element-6066-11e4-a52e-4f735466cecf":"e17d6ded-975c-4464-86b3-a45246f62e68"}}
1626141600386	webdriver::server	DEBUG	-> POST /session/311bdb16-1ba2-4332-aa7b-248b7f3e6a4a/execute/sync {"script": "return (function(){return function(){var d=this;function f(a){return\"string\"==typeof a};function h(a,b){this.code=a;this.a=l[a]||m;this.message=b||\"\";a=this.a.replace(/((?:^|\\s+)[a-z])/g,function(a){return a.toUpperCase().replace(/^[\\s\\xa0]+/g,\"\")});b=a.length-5;if(0>b||a.indexOf(\"Error\",b)!=b)a+=\"Error\";this.name=a;a=Error(this.message);a.name=this.name;this.stack=a.stack||\"\"}\n(function(){var a=Error;function b(){}b.prototype=a.prototype;h.b=a.prototype;h.prototype=new b;h.prototype.constructor=h;h.a=function(b,c,g){for(var e=Array(arguments.length-2),k=2;k<arguments.length;k++)e[k-2]=arguments[k];return a.prototype[c].apply(b,e)}})();var m=\"unknown error\",l={15:\"element not selectable\",11:\"element not visible\"};l[31]=m;l[30]=m;l[24]=\"invalid cookie domain\";l[29]=\"invalid element coordinates\";l[12]=\"invalid element state\";l[32]=\"invalid selector\";l[51]=\"invalid selector\";\nl[52]=\"invalid selector\";l[17]=\"javascript error\";l[405]=\"unsupported operation\";l[34]=\"move target out of bounds\";l[27]=\"no such alert\";l[7]=\"no such element\";l[8]=\"no such frame\";l[23]=\"no such window\";l[28]=\"script timeout\";l[33]=\"session not created\";l[10]=\"stale element reference\";l[21]=\"timeout\";l[25]=\"unable to set cookie\";l[26]=\"unexpected alert open\";l[13]=m;l[9]=\"unknown command\";h.prototype.toString=function(){return this.name+\": \"+this.message};var n;a:{var p=d.navigator;if(p){var q=p.userAgent;if(q){n=q;break a}}n=\"\"}function r(a){return-1!=n.indexOf(a)};function t(a,b){for(var e=a.length,c=f(a)?a.split(\"\"):a,g=0;g<e;g++)g in c&&b.call(void 0,c[g],g,a)};function v(){return r(\"iPhone\")&&!r(\"iPod\")&&!r(\"iPad\")};function w(){return(r(\"Chrome\")||r(\"CriOS\"))&&!r(\"Edge\")};var x=r(\"Opera\"),y=r(\"Trident\")||r(\"MSIE\"),z=r(\"Edge\"),A=r(\"Gecko\")&&!(-1!=n.toLowerCase().indexOf(\"webkit\")&&!r(\"Edge\"))&&!(r(\"Trident\")||r(\"MSIE\"))&&!r(\"Edge\"),aa=-1!=n.toLowerCase().indexOf(\"webkit\")&&!r(\"Edge\");function B(){var a=d.document;return a?a.documentMode:void 0}var C;\na:{var D=\"\",E=function(){var a=n;if(A)return/rv\\:([^\\);]+)(\\)|;)/.exec(a);if(z)return/Edge\\/([\\d\\.]+)/.exec(a);if(y)return/\\b(?:MSIE|rv)[: ]([^\\);]+)(\\)|;)/.exec(a);if(aa)return/WebKit\\/(\\S+)/.exec(a);if(x)return/(?:Version)[ \\/]?(\\S+)/.exec(a)}();E&&(D=E?E[1]:\"\");if(y){var F=B();if(null!=F&&F>parseFloat(D)){C=String(F);break a}}C=D}var G;var H=d.document;G=H&&y?B()||(\"CSS1Compat\"==H.compatMode?parseInt(C,10):5):void 0;var ba=r(\"Firefox\"),ca=v()||r(\"iPod\"),da=r(\"iPad\"),I=r(\"Android\")&&!(w()||r(\"Firefox\")||r(\"Opera\")||r(\"Silk\")),ea=w(),J=r(\"Safari\")&&!(w()||r(\"Coast\")||r(\"Opera\")||r(\"Edge\")||r(\"Silk\")||r(\"Android\"))&&!(v()||r(\"iPad\")||r(\"iPod\"));function K(a){return(a=a.exec(n))?a[1]:\"\"}(function(){if(ba)return K(/Firefox\\/([0-9.]+)/);if(y||z||x)return C;if(ea)return v()||r(\"iPad\")||r(\"iPod\")?K(/CriOS\\/([0-9.]+)/):K(/Chrome\\/([0-9.]+)/);if(J&&!(v()||r(\"iPad\")||r(\"iPod\")))return K(/Version\\/([0-9.]+)/);if(ca||da){var a=/Version\\/(\\S+).*Mobile\\/(\\S+)/.exec(n);if(a)return a[1]+\".\"+a[2]}else if(I)return(a=K(/Android\\s+([0-9.]+)/))?a:K(/Version\\/([0-9.]+)/);return\"\"})();var L,M=function(){if(!A)return!1;var a=d.Components;if(!a)return!1;try{if(!a.classes)return!1}catch(g){return!1}var b=a.classes,a=a.interfaces,e=b[\"@mozilla.org/xpcom/version-comparator;1\"].getService(a.nsIVersionComparator),c=b[\"@mozilla.org/xre/app-info;1\"].getService(a.nsIXULAppInfo).version;L=function(a){e.compare(c,\"\"+a)};return!0}(),N=y&&!(8<=Number(G)),fa=y&&!(9<=Number(G));I&&M&&L(2.3);I&&M&&L(4);J&&M&&L(6);var ga={SCRIPT:1,STYLE:1,HEAD:1,IFRAME:1,OBJECT:1},O={IMG:\" \",BR:\"\\n\"};function P(a,b,e){if(!(a.nodeName in ga))if(3==a.nodeType)e?b.push(String(a.nodeValue).replace(/(\\r\\n|\\r|\\n)/g,\"\")):b.push(a.nodeValue);else if(a.nodeName in O)b.push(O[a.nodeName]);else for(a=a.firstChild;a;)P(a,b,e),a=a.nextSibling};function Q(a,b){b=b.toLowerCase();return\"style\"==b?ha(a.style.cssText):N&&\"value\"==b&&R(a,\"INPUT\")?a.value:fa&&!0===a[b]?String(a.getAttribute(b)):(a=a.getAttributeNode(b))&&a.specified?a.value:null}var ia=/[;]+(?=(?:(?:[^\"]*\"){2})*[^\"]*$)(?=(?:(?:[^']*'){2})*[^']*$)(?=(?:[^()]*\\([^()]*\\))*[^()]*$)/;\nfunction ha(a){var b=[];t(a.split(ia),function(a){var c=a.indexOf(\":\");0<c&&(a=[a.slice(0,c),a.slice(c+1)],2==a.length&&b.push(a[0].toLowerCase(),\":\",a[1],\";\"))});b=b.join(\"\");return b=\";\"==b.charAt(b.length-1)?b:b+\";\"}function S(a,b){N&&\"value\"==b&&R(a,\"OPTION\")&&null===Q(a,\"value\")?(b=[],P(a,b,!1),a=b.join(\"\")):a=a[b];return a}function R(a,b){b&&\"string\"!==typeof b&&(b=b.toString());return!!a&&1==a.nodeType&&(!b||a.tagName.toUpperCase()==b)}\nfunction T(a){return R(a,\"OPTION\")?!0:R(a,\"INPUT\")?(a=a.type.toLowerCase(),\"checkbox\"==a||\"radio\"==a):!1};var ja={\"class\":\"className\",readonly:\"readOnly\"},U=\"allowfullscreen allowpaymentrequest allowusermedia async autofocus autoplay checked compact complete controls declare default defaultchecked defaultselected defer disabled ended formnovalidate hidden indeterminate iscontenteditable ismap itemscope loop multiple muted nohref nomodule noresize noshade novalidate nowrap open paused playsinline pubdate readonly required reversed scoped seamless seeking selected truespeed typemustmatch willvalidate\".split(\" \");function V(a,b){var e=null,c=b.toLowerCase();if(\"style\"==c)return(e=a.style)&&!f(e)&&(e=e.cssText),e;if((\"selected\"==c||\"checked\"==c)&&T(a)){if(!T(a))throw new h(15,\"Element is not selectable\");b=\"selected\";e=a.type&&a.type.toLowerCase();if(\"checkbox\"==e||\"radio\"==e)b=\"checked\";return S(a,b)?\"true\":null}var g=R(a,\"A\");if(R(a,\"IMG\")&&\"src\"==c||g&&\"href\"==c)return(e=Q(a,c))&&(e=S(a,c)),e;if(\"spellcheck\"==c){e=Q(a,c);if(null!==e){if(\"false\"==e.toLowerCase())return\"false\";if(\"true\"==e.toLowerCase())return\"true\"}return S(a,\nc)+\"\"}g=ja[b]||b;a:if(f(U))c=f(c)&&1==c.length?U.indexOf(c,0):-1;else{for(var u=0;u<U.length;u++)if(u in U&&U[u]===c){c=u;break a}c=-1}if(0<=c)return(e=null!==Q(a,b)||S(a,g))?\"true\":null;try{var k=S(a,g)}catch(ka){}(c=null==k)||(c=typeof k,c=\"object\"==c&&null!=k||\"function\"==c);c?e=Q(a,b):e=k;return null!=e?e.toString():null}var W=[\"_\"],X=d;W[0]in X||!X.execScript||X.execScript(\"var \"+W[0]);\nfor(var Y;W.length&&(Y=W.shift());){var Z;if(Z=!W.length)Z=void 0!==V;Z?X[Y]=V:X[Y]&&X[Y]!==Object.prototype[Y]?X=X[Y]:X=X[Y]={}};; return this._.apply(null,arguments);}.apply({navigator:typeof window!='undefined'?window.navigator:null,document:typeof window!='undefined'?window.document:null}, arguments);}\n).apply(null, arguments);", "args": [{"ELEMENT": "e17d6ded-975c-4464-86b3-a45246f62e68", "element-6066-11e4-a52e-4f735466cecf": "e17d6ded-975c-4464-86b3-a45246f62e68"}, "href"]}
1626141600387	Marionette	DEBUG	0 -> [0,11,"WebDriver:ExecuteScript",{"args":[{"ELEMENT":"e17d6ded-975c-4464-86b3-a45246f62e68","element-6066-11e4-a52e-4f735466ce ... '?window.navigator:null,document:typeof window!='undefined'?window.document:null}, arguments);}\n).apply(null, arguments);"}]
1626141600390	Marionette	DEBUG	0 <- [1,11,null,{"value":"https://www.ine.cl/docs/default-source/repositorio-de-estad%C3%ADsticas-regionales/cuadros-estadisticos/documentos/descriptor-de-campos.xlsx?sfvrsn=6cd7e45d_87"}]
1626141600390	webdriver::server	DEBUG	<- 200 OK {"value":"https://www.ine.cl/docs/default-source/repositorio-de-estad%C3%ADsticas-regionales/cuadros-estadisticos/documentos/descriptor-de-campos.xlsx?sfvrsn=6cd7e45d_87"}
1626141734609	Marionette	DEBUG	Closed connection 0
